Using pre-set license
Built from '2023.2/staging' branch; Version is '2023.2.11f1 (6a1e21c61430) revision 6954529'; Using compiler version '193431935'; Build Type 'Release'
OS: 'Windows 11  (10.0.22631) 64bit Professional' Language: 'pt' Physical Memory: 5989 MB
BatchMode: 1, IsHumanControllingUs: 0, StartBugReporterOnCrash: 0, Is64bit: 1, IsPro: 1

COMMAND LINE ARGUMENTS:
C:\Program Files\Unity\Hub\Editor\2023.2.11f1-x86_64\Editor\Unity.exe
-adb2
-batchMode
-noUpm
-name
AssetImportWorker6
-projectPath
C:/Users/jogos/OneDrive/Área de Trabalho/Unity/470 Anos
-logFile
Logs/AssetImportWorker6.log
-srvPort
50216
-job-worker-count
5
-background-job-worker-count
8
-asset-garbage-collectors
1
Successfully changed project path to: C:/Users/jogos/OneDrive/Área de Trabalho/Unity/470 Anos
C:/Users/jogos/OneDrive/Área de Trabalho/Unity/470 Anos
[UnityMemory] Configuration Parameters - Can be set up in boot.config
    "memorysetup-bucket-allocator-granularity=16"
    "memorysetup-bucket-allocator-bucket-count=8"
    "memorysetup-bucket-allocator-block-size=33554432"
    "memorysetup-bucket-allocator-block-count=8"
    "memorysetup-main-allocator-block-size=16777216"
    "memorysetup-thread-allocator-block-size=16777216"
    "memorysetup-gfx-main-allocator-block-size=16777216"
    "memorysetup-gfx-thread-allocator-block-size=16777216"
    "memorysetup-cache-allocator-block-size=4194304"
    "memorysetup-typetree-allocator-block-size=2097152"
    "memorysetup-profiler-bucket-allocator-granularity=16"
    "memorysetup-profiler-bucket-allocator-bucket-count=8"
    "memorysetup-profiler-bucket-allocator-block-size=33554432"
    "memorysetup-profiler-bucket-allocator-block-count=8"
    "memorysetup-profiler-allocator-block-size=16777216"
    "memorysetup-profiler-editor-allocator-block-size=1048576"
    "memorysetup-temp-allocator-size-main=16777216"
    "memorysetup-job-temp-allocator-block-size=2097152"
    "memorysetup-job-temp-allocator-block-size-background=1048576"
    "memorysetup-job-temp-allocator-reduction-small-platforms=262144"
    "memorysetup-allocator-temp-initial-block-size-main=262144"
    "memorysetup-allocator-temp-initial-block-size-worker=262144"
    "memorysetup-temp-allocator-size-background-worker=32768"
    "memorysetup-temp-allocator-size-job-worker=262144"
    "memorysetup-temp-allocator-size-preload-manager=33554432"
    "memorysetup-temp-allocator-size-nav-mesh-worker=65536"
    "memorysetup-temp-allocator-size-audio-worker=65536"
    "memorysetup-temp-allocator-size-cloud-worker=32768"
    "memorysetup-temp-allocator-size-gi-baking-worker=262144"
    "memorysetup-temp-allocator-size-gi-baking-worker=262144"
    "memorysetup-temp-allocator-size-gi-baking-worker=262144"
    "memorysetup-temp-allocator-size-gi-baking-worker=262144"
    "memorysetup-temp-allocator-size-gfx=262144"
Player connection [23500] Host "[IP] 26.97.67.56 [Port] 0 [Flags] 2 [Guid] 1005880791 [EditorId] 1005880791 [Version] 1048832 [Id] WindowsEditor(7,notebookdemichelle) [Debug] 1 [PackageName] WindowsEditor [ProjectName] Editor" joined multi-casting on [225.0.0.222:54997]...
Player connection [23500] Host "[IP] 26.97.67.56 [Port] 0 [Flags] 2 [Guid] 1005880791 [EditorId] 1005880791 [Version] 1048832 [Id] WindowsEditor(7,notebookdemichelle) [Debug] 1 [PackageName] WindowsEditor [ProjectName] Editor" joined alternative multi-casting on [225.0.0.222:34997]...
JobSystem: Creating JobQueue using job-worker-count value 5
[Physics::Module] Initialized MultithreadedJobDispatcher with 5 workers.
Library Redirect Path: Library/
Refreshing native plugins compatible for Editor in 2.78 ms, found 3 plugins.
Preloading 0 native plugins for Editor in 0.00 ms.
Initialize engine version: 2023.2.11f1 (6a1e21c61430)
[Subsystems] Discovering subsystems at path C:/Program Files/Unity/Hub/Editor/2023.2.11f1-x86_64/Editor/Data/Resources/UnitySubsystems
[Subsystems] Discovering subsystems at path C:/Users/jogos/OneDrive/Área de Trabalho/Unity/470 Anos/Assets
GfxDevice: creating device client; kGfxThreadingModeNonThreaded
Direct3D:
    Version:  Direct3D 11.0 [level 11.1]
    Renderer: AMD Radeon (TM) Graphics (ID=0x15e7)
    Vendor:   ATI
    VRAM:     2994 MB
    Driver:   31.0.21024.2004
Initialize mono
Mono path[0] = 'C:/Program Files/Unity/Hub/Editor/2023.2.11f1-x86_64/Editor/Data/Managed'
Mono path[1] = 'C:/Program Files/Unity/Hub/Editor/2023.2.11f1-x86_64/Editor/Data/MonoBleedingEdge/lib/mono/unityjit-win32'
Mono config path = 'C:/Program Files/Unity/Hub/Editor/2023.2.11f1-x86_64/Editor/Data/MonoBleedingEdge/etc'
Using monoOptions --debugger-agent=transport=dt_socket,embedding=1,server=y,suspend=n,address=127.0.0.1:56504
Begin MonoManager ReloadAssembly
C:\build\output\Unity-Technologies\mono\mono\metadata\icall.c:1842:
C:\build\output\Unity-Technologies\mono\mono\metadata\icall.c:1842:
C:\build\output\Unity-Technologies\mono\mono\metadata\icall.c:1842:
C:\build\output\Unity-Technologies\mono\mono\metadata\icall.c:1842:
C:\build\output\Unity-Technologies\mono\mono\metadata\icall.c:1842:
C:\build\output\Unity-Technologies\mono\mono\metadata\icall.c:1842:
C:\build\output\Unity-Technologies\mono\mono\metadata\icall.c:1842:
C:\build\output\Unity-Technologies\mono\mono\metadata\icall.c:1842:
C:\build\output\Unity-Technologies\mono\mono\metadata\icall.c:1842:
C:\build\output\Unity-Technologies\mono\mono\metadata\icall.c:1842:
Registering precompiled unity dll's ...
Register platform support module: C:/Program Files/Unity/Hub/Editor/2023.2.11f1-x86_64/Editor/Data/PlaybackEngines/WindowsStandaloneSupport/UnityEditor.WindowsStandalone.Extensions.dll
Registered in 0.005846 seconds.
- Loaded All Assemblies, in  0.887 seconds
Native extension for WindowsStandalone target not found
Mono: successfully reloaded assembly
C:\build\output\Unity-Technologies\mono\mono\metadata\icall.c:1842:
C:\build\output\Unity-Technologies\mono\mono\metadata\icall.c:1842:
- Finished resetting the current domain, in  0.406 seconds
Domain Reload Profiling: 1287ms
	BeginReloadAssembly (332ms)
		ExecutionOrderSort (0ms)
		DisableScriptedObjects (0ms)
		BackupInstance (0ms)
		ReleaseScriptingObjects (0ms)
		CreateAndSetChildDomain (1ms)
	RebuildCommonClasses (71ms)
	RebuildNativeTypeToScriptingClass (18ms)
	initialDomainReloadingComplete (112ms)
	LoadAllAssembliesAndSetupDomain (348ms)
		LoadAssemblies (326ms)
		RebuildTransferFunctionScriptingTraits (0ms)
		AnalyzeDomain (343ms)
			TypeCache.Refresh (339ms)
				TypeCache.ScanAssembly (309ms)
			BuildScriptInfoCaches (1ms)
			ResolveRequiredComponents (1ms)
	FinalizeReload (407ms)
		ReleaseScriptCaches (0ms)
		RebuildScriptCaches (0ms)
		SetupLoadedEditorAssemblies (326ms)
			LogAssemblyErrors (0ms)
			InitializePlatformSupportModulesInManaged (15ms)
			SetLoadedEditorAssemblies (8ms)
			BeforeProcessingInitializeOnLoad (12ms)
			ProcessInitializeOnLoadAttributes (215ms)
			ProcessInitializeOnLoadMethodAttributes (75ms)
			AfterProcessingInitializeOnLoad (0ms)
			EditorAssembliesLoaded (0ms)
		ExecutionOrderSort2 (0ms)
		AwakeInstancesAfterBackupRestoration (0ms)
========================================================================
Worker process is ready to serve import requests
Import Worker Mode flag is 0x00
Begin MonoManager ReloadAssembly
C:\build\output\Unity-Technologies\mono\mono\metadata\icall.c:1842:
C:\build\output\Unity-Technologies\mono\mono\metadata\icall.c:1842:
C:\build\output\Unity-Technologies\mono\mono\metadata\icall.c:1842:
C:\build\output\Unity-Technologies\mono\mono\metadata\icall.c:1842:
C:\build\output\Unity-Technologies\mono\mono\metadata\icall.c:1842:
C:\build\output\Unity-Technologies\mono\mono\metadata\icall.c:1842:
C:\build\output\Unity-Technologies\mono\mono\metadata\icall.c:1842:
C:\build\output\Unity-Technologies\mono\mono\metadata\icall.c:1842:
C:\build\output\Unity-Technologies\mono\mono\metadata\icall.c:1842:
C:\build\output\Unity-Technologies\mono\mono\metadata\icall.c:1842:
C:\build\output\Unity-Technologies\mono\mono\metadata\icall.c:1842:
C:\build\output\Unity-Technologies\mono\mono\metadata\icall.c:1842:
Symbol file LoadedFromMemory doesn't match image C:\Users\jogos\OneDrive\Área de Trabalho\Unity\470 Anos\Library\PackageCache\com.unity.visualscripting@1.8.0\Editor\VisualScripting.Core\Dependencies\YamlDotNet\Unity.VisualScripting.YamlDotNet.dll
Symbol file LoadedFromMemory doesn't match image C:\Users\jogos\OneDrive\Área de Trabalho\Unity\470 Anos\Library\PackageCache\com.unity.visualscripting@1.8.0\Editor\VisualScripting.Core\Dependencies\DotNetZip\Unity.VisualScripting.IonicZip.dll
- Loaded All Assemblies, in  1.049 seconds
Refreshing native plugins compatible for Editor in 1.14 ms, found 3 plugins.
Native extension for WindowsStandalone target not found
Mono: successfully reloaded assembly
- Finished resetting the current domain, in  0.727 seconds
Domain Reload Profiling: 1772ms
	BeginReloadAssembly (392ms)
		ExecutionOrderSort (0ms)
		DisableScriptedObjects (7ms)
		BackupInstance (0ms)
		ReleaseScriptingObjects (0ms)
		CreateAndSetChildDomain (36ms)
	RebuildCommonClasses (41ms)
	RebuildNativeTypeToScriptingClass (14ms)
	initialDomainReloadingComplete (44ms)
	LoadAllAssembliesAndSetupDomain (554ms)
		LoadAssemblies (477ms)
		RebuildTransferFunctionScriptingTraits (0ms)
		AnalyzeDomain (194ms)
			TypeCache.Refresh (169ms)
				TypeCache.ScanAssembly (152ms)
			BuildScriptInfoCaches (19ms)
			ResolveRequiredComponents (3ms)
	FinalizeReload (727ms)
		ReleaseScriptCaches (0ms)
		RebuildScriptCaches (0ms)
		SetupLoadedEditorAssemblies (511ms)
			LogAssemblyErrors (0ms)
			InitializePlatformSupportModulesInManaged (2ms)
			SetLoadedEditorAssemblies (4ms)
			BeforeProcessingInitializeOnLoad (46ms)
			ProcessInitializeOnLoadAttributes (431ms)
			ProcessInitializeOnLoadMethodAttributes (21ms)
			AfterProcessingInitializeOnLoad (6ms)
			EditorAssembliesLoaded (0ms)
		ExecutionOrderSort2 (0ms)
		AwakeInstancesAfterBackupRestoration (8ms)
Launched and connected shader compiler UnityShaderCompiler.exe after 0.02 seconds
Refreshing native plugins compatible for Editor in 1.07 ms, found 3 plugins.
Preloading 0 native plugins for Editor in 0.00 ms.
Unloading 9 Unused Serialized files (Serialized files now loaded: 0)
Unloading 3147 unused Assets / (0.8 MB). Loaded Objects now: 3705.
Memory consumption went from 116.6 MB to 115.8 MB.
Total: 5.931900 ms (FindLiveObjects: 0.796100 ms CreateObjectMapping: 0.221200 ms MarkObjects: 3.951300 ms  DeleteObjects: 0.962400 ms)

========================================================================
Received Import Request.
  Time since last request: 3967.258235 seconds.
  path: Assets/nappin/Office Props Softpack/Models/(Msh)Mug.fbx
  artifactKey: Guid(d283a93eb62894849b3a3aea9ca0c8fb) Importer(815301076,1909f56bfc062723c751e8b465ee728b)
Start importing Assets/nappin/Office Props Softpack/Models/(Msh)Mug.fbx using Guid(d283a93eb62894849b3a3aea9ca0c8fb) Importer(815301076,1909f56bfc062723c751e8b465ee728b) (PreviewImporter) -> (artifact id: 'bb7de8ee8d03fe6fe1f1c116d6643217') in 0.232385 seconds
Number of updated asset objects reloaded before import = 0Number of asset objects unloaded after import = 16

========================================================================
Received Import Request.
  Time since last request: 0.964404 seconds.
  path: Assets/nappin/Office Props Softpack/Models/(Msh)Projector.fbx
  artifactKey: Guid(662d757e856cbf044a5037efe162c6f3) Importer(815301076,1909f56bfc062723c751e8b465ee728b)
Start importing Assets/nappin/Office Props Softpack/Models/(Msh)Projector.fbx using Guid(662d757e856cbf044a5037efe162c6f3) Importer(815301076,1909f56bfc062723c751e8b465ee728b) (PreviewImporter) -> (artifact id: 'f919d850023ec035f0a38fd021568fe4') in 0.0408487 seconds
Number of updated asset objects reloaded before import = 0Number of asset objects unloaded after import = 9

========================================================================
Received Import Request.
  Time since last request: 0.000038 seconds.
  path: Assets/nappin/Office Props Softpack/Models/(Msh)Shelves1.fbx
  artifactKey: Guid(cab363a401b518845bbac7b1c89c7a23) Importer(815301076,1909f56bfc062723c751e8b465ee728b)
Start importing Assets/nappin/Office Props Softpack/Models/(Msh)Shelves1.fbx using Guid(cab363a401b518845bbac7b1c89c7a23) Importer(815301076,1909f56bfc062723c751e8b465ee728b) (PreviewImporter) -> (artifact id: '2ebc23a7632eca03dd3e951022091ae4') in 0.0713106 seconds
Number of updated asset objects reloaded before import = 0Number of asset objects unloaded after import = 9

========================================================================
Received Import Request.
  Time since last request: 0.000052 seconds.
  path: Assets/nappin/Office Props Softpack/Models/(Msh)Shelves2.fbx
  artifactKey: Guid(9c2b74f6542c6ff45ac65189228585cb) Importer(815301076,1909f56bfc062723c751e8b465ee728b)
Start importing Assets/nappin/Office Props Softpack/Models/(Msh)Shelves2.fbx using Guid(9c2b74f6542c6ff45ac65189228585cb) Importer(815301076,1909f56bfc062723c751e8b465ee728b) (PreviewImporter) -> (artifact id: '29cf97d17d71690f10f8651b1e453f4d') in 0.0460069 seconds
Number of updated asset objects reloaded before import = 0Number of asset objects unloaded after import = 9

========================================================================
Received Import Request.
  Time since last request: 0.298312 seconds.
  path: Assets/nappin/Office Props Softpack/Models/(Msh)Sofa3.fbx
  artifactKey: Guid(a2926ab1cfa2245478d20ad4f0331477) Importer(815301076,1909f56bfc062723c751e8b465ee728b)
Start importing Assets/nappin/Office Props Softpack/Models/(Msh)Sofa3.fbx using Guid(a2926ab1cfa2245478d20ad4f0331477) Importer(815301076,1909f56bfc062723c751e8b465ee728b) (PreviewImporter) -> (artifact id: 'b2a8da155e5d575209393d49fcdd74e3') in 0.0450328 seconds
Number of updated asset objects reloaded before import = 0Number of asset objects unloaded after import = 9

========================================================================
Received Import Request.
  Time since last request: 0.000051 seconds.
  path: Assets/nappin/Office Props Softpack/Models/(Msh)WaterDispenser.fbx
  artifactKey: Guid(d31ae3b3f8108284bba44064ed9dff1c) Importer(815301076,1909f56bfc062723c751e8b465ee728b)
Start importing Assets/nappin/Office Props Softpack/Models/(Msh)WaterDispenser.fbx using Guid(d31ae3b3f8108284bba44064ed9dff1c) Importer(815301076,1909f56bfc062723c751e8b465ee728b) (PreviewImporter) -> (artifact id: 'e86f20b763b308f40fe82096c455b89b') in 0.0560538 seconds
Number of updated asset objects reloaded before import = 0Number of asset objects unloaded after import = 9

========================================================================
Received Import Request.
  Time since last request: 0.000072 seconds.
  path: Assets/nappin/Office Props Softpack/Models/(Msh)YogaBall.fbx
  artifactKey: Guid(ecce3f1d808befa47abc1b334d5016f8) Importer(815301076,1909f56bfc062723c751e8b465ee728b)
Start importing Assets/nappin/Office Props Softpack/Models/(Msh)YogaBall.fbx using Guid(ecce3f1d808befa47abc1b334d5016f8) Importer(815301076,1909f56bfc062723c751e8b465ee728b) (PreviewImporter) -> (artifact id: 'd6e614cdeb04df310a15f615d9a2594c') in 0.0508145 seconds
Number of updated asset objects reloaded before import = 0Number of asset objects unloaded after import = 9

========================================================================
Received Prepare
Begin MonoManager ReloadAssembly
C:\build\output\Unity-Technologies\mono\mono\metadata\icall.c:1842:
C:\build\output\Unity-Technologies\mono\mono\metadata\icall.c:1842:
C:\build\output\Unity-Technologies\mono\mono\metadata\icall.c:1842:
C:\build\output\Unity-Technologies\mono\mono\metadata\icall.c:1842:
C:\build\output\Unity-Technologies\mono\mono\metadata\icall.c:1842:
C:\build\output\Unity-Technologies\mono\mono\metadata\icall.c:1842:
C:\build\output\Unity-Technologies\mono\mono\metadata\icall.c:1842:
C:\build\output\Unity-Technologies\mono\mono\metadata\icall.c:1842:
C:\build\output\Unity-Technologies\mono\mono\metadata\icall.c:1842:
C:\build\output\Unity-Technologies\mono\mono\metadata\icall.c:1842:
C:\build\output\Unity-Technologies\mono\mono\metadata\icall.c:1842:
C:\build\output\Unity-Technologies\mono\mono\metadata\icall.c:1842:
Symbol file LoadedFromMemory doesn't match image C:\Users\jogos\OneDrive\Área de Trabalho\Unity\470 Anos\Library\PackageCache\com.unity.visualscripting@1.8.0\Editor\VisualScripting.Core\Dependencies\YamlDotNet\Unity.VisualScripting.YamlDotNet.dll
Symbol file LoadedFromMemory doesn't match image C:\Users\jogos\OneDrive\Área de Trabalho\Unity\470 Anos\Library\PackageCache\com.unity.visualscripting@1.8.0\Editor\VisualScripting.Core\Dependencies\DotNetZip\Unity.VisualScripting.IonicZip.dll
- Loaded All Assemblies, in  2.333 seconds
Refreshing native plugins compatible for Editor in 2.69 ms, found 3 plugins.
Native extension for WindowsStandalone target not found
Mono: successfully reloaded assembly
- Finished resetting the current domain, in  0.833 seconds
Domain Reload Profiling: 3186ms
	BeginReloadAssembly (722ms)
		ExecutionOrderSort (1ms)
		DisableScriptedObjects (40ms)
		BackupInstance (0ms)
		ReleaseScriptingObjects (2ms)
		CreateAndSetChildDomain (225ms)
	RebuildCommonClasses (49ms)
	RebuildNativeTypeToScriptingClass (17ms)
	initialDomainReloadingComplete (43ms)
	LoadAllAssembliesAndSetupDomain (1522ms)
		LoadAssemblies (1448ms)
		RebuildTransferFunctionScriptingTraits (0ms)
		AnalyzeDomain (367ms)
			TypeCache.Refresh (70ms)
				TypeCache.ScanAssembly (1ms)
			BuildScriptInfoCaches (277ms)
			ResolveRequiredComponents (5ms)
	FinalizeReload (834ms)
		ReleaseScriptCaches (0ms)
		RebuildScriptCaches (0ms)
		SetupLoadedEditorAssemblies (609ms)
			LogAssemblyErrors (0ms)
			InitializePlatformSupportModulesInManaged (4ms)
			SetLoadedEditorAssemblies (5ms)
			BeforeProcessingInitializeOnLoad (46ms)
			ProcessInitializeOnLoadAttributes (522ms)
			ProcessInitializeOnLoadMethodAttributes (26ms)
			AfterProcessingInitializeOnLoad (6ms)
			EditorAssembliesLoaded (0ms)
		ExecutionOrderSort2 (0ms)
		AwakeInstancesAfterBackupRestoration (10ms)
Refreshing native plugins compatible for Editor in 2.58 ms, found 3 plugins.
Preloading 0 native plugins for Editor in 0.00 ms.
Unloading 0 Unused Serialized files (Serialized files now loaded: 0)
Unloading 3148 unused Assets / (0.7 MB). Loaded Objects now: 3721.
Memory consumption went from 117.4 MB to 116.6 MB.
Total: 12.995100 ms (FindLiveObjects: 1.101300 ms CreateObjectMapping: 0.612600 ms MarkObjects: 9.082300 ms  DeleteObjects: 2.195900 ms)

Prepare: number of updated asset objects reloaded= 0
========================================================================
Received Import Request.
  Time since last request: 966.533505 seconds.
  path: Assets/Free Wood Door Pack/Prefab/Wood/Door_1/Door_1_Brown.prefab
  artifactKey: Guid(fb21c2677f6de9b41b800858634f37f9) Importer(815301076,1909f56bfc062723c751e8b465ee728b)
Start importing Assets/Free Wood Door Pack/Prefab/Wood/Door_1/Door_1_Brown.prefab using Guid(fb21c2677f6de9b41b800858634f37f9) Importer(815301076,1909f56bfc062723c751e8b465ee728b) (PreviewImporter) -> (artifact id: '7d4c0eda9cd8bc8843531e64b49d1cc9') in 0.5490981 seconds
Number of updated asset objects reloaded before import = 0Number of asset objects unloaded after import = 34

========================================================================
Received Import Request.
  Time since last request: 0.000120 seconds.
  path: Assets/Free Wood Door Pack/Prefab/Wood/Door_1/Door_1_Yellow.prefab
  artifactKey: Guid(c92cdb9d3b3e15f4b99ce98fe4c864b2) Importer(815301076,1909f56bfc062723c751e8b465ee728b)
Start importing Assets/Free Wood Door Pack/Prefab/Wood/Door_1/Door_1_Yellow.prefab using Guid(c92cdb9d3b3e15f4b99ce98fe4c864b2) Importer(815301076,1909f56bfc062723c751e8b465ee728b) (PreviewImporter) -> (artifact id: '1204406e13918bdbec2213e8b313b5c8') in 0.0748493 seconds
Number of updated asset objects reloaded before import = 0Number of asset objects unloaded after import = 34

========================================================================
Received Import Request.
  Time since last request: 0.000048 seconds.
  path: Assets/Free Wood Door Pack/Prefab/Wood/Door_1/Door_1_White.prefab
  artifactKey: Guid(35ca5007b9b280f4f93ae97058146c54) Importer(815301076,1909f56bfc062723c751e8b465ee728b)
Start importing Assets/Free Wood Door Pack/Prefab/Wood/Door_1/Door_1_White.prefab using Guid(35ca5007b9b280f4f93ae97058146c54) Importer(815301076,1909f56bfc062723c751e8b465ee728b) (PreviewImporter) -> (artifact id: '9790783934a9218f833246b69ab772d9') in 0.0910474 seconds
Number of updated asset objects reloaded before import = 0Number of asset objects unloaded after import = 34

========================================================================
Received Import Request.
  Time since last request: 0.000044 seconds.
  path: Assets/Free Wood Door Pack/Prefab/Wood/Door_1/Door_1_Venge.prefab
  artifactKey: Guid(cbadd0ff450ed6f4d8d7f4224f6d0414) Importer(815301076,1909f56bfc062723c751e8b465ee728b)
Start importing Assets/Free Wood Door Pack/Prefab/Wood/Door_1/Door_1_Venge.prefab using Guid(cbadd0ff450ed6f4d8d7f4224f6d0414) Importer(815301076,1909f56bfc062723c751e8b465ee728b) (PreviewImporter) -> (artifact id: '6b87eeb601fc40af841c03d54362c385') in 0.0945978 seconds
Number of updated asset objects reloaded before import = 0Number of asset objects unloaded after import = 34

========================================================================
Received Import Request.
  Time since last request: 4.405431 seconds.
  path: Assets/Free Wood Door Pack/Prefab/Wood/Door_2/Door_2_Brown.prefab
  artifactKey: Guid(f5c10722fcf449344b4583f9adb8558d) Importer(815301076,1909f56bfc062723c751e8b465ee728b)
Start importing Assets/Free Wood Door Pack/Prefab/Wood/Door_2/Door_2_Brown.prefab using Guid(f5c10722fcf449344b4583f9adb8558d) Importer(815301076,1909f56bfc062723c751e8b465ee728b) (PreviewImporter) -> (artifact id: 'fcb1ad8b2fa8dcc11d2f90ff7792038c') in 0.0864409 seconds
Number of updated asset objects reloaded before import = 0Number of asset objects unloaded after import = 34

========================================================================
Received Import Request.
  Time since last request: 0.000117 seconds.
  path: Assets/Free Wood Door Pack/Prefab/Wood/Door_2/Door_2_Venge.prefab
  artifactKey: Guid(ba907d7a8d489d249b23cdd63f1cd0c6) Importer(815301076,1909f56bfc062723c751e8b465ee728b)
Start importing Assets/Free Wood Door Pack/Prefab/Wood/Door_2/Door_2_Venge.prefab using Guid(ba907d7a8d489d249b23cdd63f1cd0c6) Importer(815301076,1909f56bfc062723c751e8b465ee728b) (PreviewImporter) -> (artifact id: '8c1417f6c1b480b896d98017445337fd') in 0.0999405 seconds
Number of updated asset objects reloaded before import = 0Number of asset objects unloaded after import = 34

========================================================================
Received Import Request.
  Time since last request: 0.000068 seconds.
  path: Assets/Free Wood Door Pack/Prefab/Wood/Door_2/Door_2_Milk.prefab
  artifactKey: Guid(43b8c455684f91f4ca6359dbb120c1d5) Importer(815301076,1909f56bfc062723c751e8b465ee728b)
Start importing Assets/Free Wood Door Pack/Prefab/Wood/Door_2/Door_2_Milk.prefab using Guid(43b8c455684f91f4ca6359dbb120c1d5) Importer(815301076,1909f56bfc062723c751e8b465ee728b) (PreviewImporter) -> (artifact id: 'f3f11d78ca689dc7e23efb4e3082cd4e') in 0.0864094 seconds
Number of updated asset objects reloaded before import = 0Number of asset objects unloaded after import = 34

========================================================================
Received Import Request.
  Time since last request: 3.815913 seconds.
  path: Assets/Free Wood Door Pack/Prefab/Wood/Door_3/Door_3_Brown.prefab
  artifactKey: Guid(83b0e1aa6fd302d48bf48b1a30f9031c) Importer(815301076,1909f56bfc062723c751e8b465ee728b)
Start importing Assets/Free Wood Door Pack/Prefab/Wood/Door_3/Door_3_Brown.prefab using Guid(83b0e1aa6fd302d48bf48b1a30f9031c) Importer(815301076,1909f56bfc062723c751e8b465ee728b) (PreviewImporter) -> (artifact id: 'bf6d6a7299432d5b5b00dd2d2076637a') in 0.0977032 seconds
Number of updated asset objects reloaded before import = 0Number of asset objects unloaded after import = 34

========================================================================
Received Import Request.
  Time since last request: 0.000039 seconds.
  path: Assets/Free Wood Door Pack/Prefab/Wood/Door_3/Door_3_Milk.prefab
  artifactKey: Guid(568da07845320fd45b7c66635bf12799) Importer(815301076,1909f56bfc062723c751e8b465ee728b)
Start importing Assets/Free Wood Door Pack/Prefab/Wood/Door_3/Door_3_Milk.prefab using Guid(568da07845320fd45b7c66635bf12799) Importer(815301076,1909f56bfc062723c751e8b465ee728b) (PreviewImporter) -> (artifact id: '213524d41710d7d82e472db1dde454bc') in 0.0999749 seconds
Number of updated asset objects reloaded before import = 0Number of asset objects unloaded after import = 34

========================================================================
Received Import Request.
  Time since last request: 560.744240 seconds.
  path: Assets/Free Wood Door Pack/Materials/Door_Knob_Material/Bronze.mat
  artifactKey: Guid(48bee5de8ccdfc84980f9ffc4dbe44e5) Importer(815301076,1909f56bfc062723c751e8b465ee728b)
Start importing Assets/Free Wood Door Pack/Materials/Door_Knob_Material/Bronze.mat using Guid(48bee5de8ccdfc84980f9ffc4dbe44e5) Importer(815301076,1909f56bfc062723c751e8b465ee728b) (PreviewImporter) -> (artifact id: 'abd5a94ddab1cff3c050ae281cb8dc40') in 0.1104525 seconds
Number of updated asset objects reloaded before import = 0Number of asset objects unloaded after import = 4

========================================================================
Received Import Request.
  Time since last request: 1.451404 seconds.
  path: Assets/Free Wood Door Pack/Materials/Door_1_Materials/Door_1_Brown.mat
  artifactKey: Guid(8435c264ba4b3ef46abdcf3b27cda62c) Importer(815301076,1909f56bfc062723c751e8b465ee728b)
Start importing Assets/Free Wood Door Pack/Materials/Door_1_Materials/Door_1_Brown.mat using Guid(8435c264ba4b3ef46abdcf3b27cda62c) Importer(815301076,1909f56bfc062723c751e8b465ee728b) (PreviewImporter) -> (artifact id: 'f7cb9ae57ae1a2982aa9b33384ca99f4') in 0.0609275 seconds
Number of updated asset objects reloaded before import = 0Number of asset objects unloaded after import = 5

========================================================================
Received Import Request.
  Time since last request: 0.000050 seconds.
  path: Assets/Free Wood Door Pack/Materials/Door_1_Materials/Door_1_Coffe.mat
  artifactKey: Guid(1daed5b934f508147aad59daed1b0c10) Importer(815301076,1909f56bfc062723c751e8b465ee728b)
Start importing Assets/Free Wood Door Pack/Materials/Door_1_Materials/Door_1_Coffe.mat using Guid(1daed5b934f508147aad59daed1b0c10) Importer(815301076,1909f56bfc062723c751e8b465ee728b) (PreviewImporter) -> (artifact id: '6715766cc80ee5d74a98eae13fd73899') in 0.0608344 seconds
Number of updated asset objects reloaded before import = 0Number of asset objects unloaded after import = 5

========================================================================
Received Import Request.
  Time since last request: 0.568304 seconds.
  path: Assets/Free Wood Door Pack/Materials/Door_1_Materials/Door_1_White.mat
  artifactKey: Guid(f85f527d128d113488c6db9bd3a05227) Importer(815301076,1909f56bfc062723c751e8b465ee728b)
Start importing Assets/Free Wood Door Pack/Materials/Door_1_Materials/Door_1_White.mat using Guid(f85f527d128d113488c6db9bd3a05227) Importer(815301076,1909f56bfc062723c751e8b465ee728b) (PreviewImporter) -> (artifact id: '91d4738cb8b92da09e4714c4b917b0b8') in 0.057486 seconds
Number of updated asset objects reloaded before import = 0Number of asset objects unloaded after import = 5

========================================================================
Received Import Request.
  Time since last request: 0.000094 seconds.
  path: Assets/Free Wood Door Pack/Materials/Door_3_Materials/Door_3_Milk.mat
  artifactKey: Guid(8cfdccd4427cb454593f38e41caaa1ce) Importer(815301076,1909f56bfc062723c751e8b465ee728b)
Start importing Assets/Free Wood Door Pack/Materials/Door_3_Materials/Door_3_Milk.mat using Guid(8cfdccd4427cb454593f38e41caaa1ce) Importer(815301076,1909f56bfc062723c751e8b465ee728b) (PreviewImporter) -> (artifact id: 'd1a1ae2999829afb1898be7f62504612') in 0.1521072 seconds
Number of updated asset objects reloaded before import = 0Number of asset objects unloaded after import = 5

========================================================================
Received Import Request.
  Time since last request: 0.000090 seconds.
  path: Assets/Free Wood Door Pack/Materials/Door_2_Materials/Door_2_Venge.mat
  artifactKey: Guid(a62844ba24ffdf149b878c319ddd6141) Importer(815301076,1909f56bfc062723c751e8b465ee728b)
Start importing Assets/Free Wood Door Pack/Materials/Door_2_Materials/Door_2_Venge.mat using Guid(a62844ba24ffdf149b878c319ddd6141) Importer(815301076,1909f56bfc062723c751e8b465ee728b) (PreviewImporter) -> (artifact id: '5e029ab6e08546778604dfea69257a25') in 0.0610202 seconds
Number of updated asset objects reloaded before import = 0Number of asset objects unloaded after import = 5

========================================================================
Received Import Request.
  Time since last request: 0.000044 seconds.
  path: Assets/Free Wood Door Pack/Materials/Door_3_Materials/Door_3_Black.mat
  artifactKey: Guid(52a3747c6aad15c4d9fad3fa695a530a) Importer(815301076,1909f56bfc062723c751e8b465ee728b)
Start importing Assets/Free Wood Door Pack/Materials/Door_3_Materials/Door_3_Black.mat using Guid(52a3747c6aad15c4d9fad3fa695a530a) Importer(815301076,1909f56bfc062723c751e8b465ee728b) (PreviewImporter) -> (artifact id: 'fbe70e996c92357921611e1597e97386') in 0.0447008 seconds
Number of updated asset objects reloaded before import = 0Number of asset objects unloaded after import = 5

========================================================================
Received Import Request.
  Time since last request: 0.000083 seconds.
  path: Assets/Free Wood Door Pack/Materials/Door_3_Materials/Door_3_Yellow.mat
  artifactKey: Guid(6ad1177f60416b2449607265fa598736) Importer(815301076,1909f56bfc062723c751e8b465ee728b)
Start importing Assets/Free Wood Door Pack/Materials/Door_3_Materials/Door_3_Yellow.mat using Guid(6ad1177f60416b2449607265fa598736) Importer(815301076,1909f56bfc062723c751e8b465ee728b) (PreviewImporter) -> (artifact id: '3e248a3ed72002dc5df626f7fb6eb29c') in 0.0592305 seconds
Number of updated asset objects reloaded before import = 0Number of asset objects unloaded after import = 5

========================================================================
Received Import Request.
  Time since last request: 0.000061 seconds.
  path: Assets/Free Wood Door Pack/Materials/Door_2_Materials/Door_2_Black.mat
  artifactKey: Guid(5eeb4b9f36f15ef42b901871ca6ad41e) Importer(815301076,1909f56bfc062723c751e8b465ee728b)
Start importing Assets/Free Wood Door Pack/Materials/Door_2_Materials/Door_2_Black.mat using Guid(5eeb4b9f36f15ef42b901871ca6ad41e) Importer(815301076,1909f56bfc062723c751e8b465ee728b) (PreviewImporter) -> (artifact id: 'df9dd4af465c550a3cf27e3ffeba96c0') in 0.0666685 seconds
Number of updated asset objects reloaded before import = 0Number of asset objects unloaded after import = 5

========================================================================
Received Import Request.
  Time since last request: 0.000075 seconds.
  path: Assets/Free Wood Door Pack/Materials/Door_2_Materials/Door_2_Brown.mat
  artifactKey: Guid(e2ce3b2cb72c8154085967a0b2ff2f79) Importer(815301076,1909f56bfc062723c751e8b465ee728b)
Start importing Assets/Free Wood Door Pack/Materials/Door_2_Materials/Door_2_Brown.mat using Guid(e2ce3b2cb72c8154085967a0b2ff2f79) Importer(815301076,1909f56bfc062723c751e8b465ee728b) (PreviewImporter) -> (artifact id: '5aa51bc7335210b312548977988a9d21') in 0.0715308 seconds
Number of updated asset objects reloaded before import = 0Number of asset objects unloaded after import = 5

========================================================================
Received Import Request.
  Time since last request: 0.000067 seconds.
  path: Assets/Free Wood Door Pack/Materials/Door_2_Materials/Door_2_Coffe.mat
  artifactKey: Guid(ab90892f58bd79b4399e51cd4d02f1ce) Importer(815301076,1909f56bfc062723c751e8b465ee728b)
Start importing Assets/Free Wood Door Pack/Materials/Door_2_Materials/Door_2_Coffe.mat using Guid(ab90892f58bd79b4399e51cd4d02f1ce) Importer(815301076,1909f56bfc062723c751e8b465ee728b) (PreviewImporter) -> (artifact id: '902e446d13227848517d4583721a821e') in 0.0637077 seconds
Number of updated asset objects reloaded before import = 0Number of asset objects unloaded after import = 5

========================================================================
Received Import Request.
  Time since last request: 0.000034 seconds.
  path: Assets/Free Wood Door Pack/Materials/Door_5_Materials/Door_5_Brown.mat
  artifactKey: Guid(bcc29ac02b84ecd49846853ee55af366) Importer(815301076,1909f56bfc062723c751e8b465ee728b)
Start importing Assets/Free Wood Door Pack/Materials/Door_5_Materials/Door_5_Brown.mat using Guid(bcc29ac02b84ecd49846853ee55af366) Importer(815301076,1909f56bfc062723c751e8b465ee728b) (PreviewImporter) -> (artifact id: 'fc3794e3d78c66bffcadac9d3cdc22aa') in 0.0636723 seconds
Number of updated asset objects reloaded before import = 0Number of asset objects unloaded after import = 5

========================================================================
Received Import Request.
  Time since last request: 0.000082 seconds.
  path: Assets/Free Wood Door Pack/Materials/Door_6_Materials/Door_6_Coffe.mat
  artifactKey: Guid(64c86963208db4746a11c00c2c2a83e6) Importer(815301076,1909f56bfc062723c751e8b465ee728b)
Start importing Assets/Free Wood Door Pack/Materials/Door_6_Materials/Door_6_Coffe.mat using Guid(64c86963208db4746a11c00c2c2a83e6) Importer(815301076,1909f56bfc062723c751e8b465ee728b) (PreviewImporter) -> (artifact id: '2f9990d38aa5b60ae1524e5f257d9479') in 0.067125 seconds
Number of updated asset objects reloaded before import = 0Number of asset objects unloaded after import = 5

========================================================================
Received Import Request.
  Time since last request: 0.000728 seconds.
  path: Assets/Free Wood Door Pack/Materials/Door_5_Materials/Door_5_White.mat
  artifactKey: Guid(1b3d971400c31c1449d72c0d98b71f7a) Importer(815301076,1909f56bfc062723c751e8b465ee728b)
Start importing Assets/Free Wood Door Pack/Materials/Door_5_Materials/Door_5_White.mat using Guid(1b3d971400c31c1449d72c0d98b71f7a) Importer(815301076,1909f56bfc062723c751e8b465ee728b) (PreviewImporter) -> (artifact id: '92dfdcfe72349bf3b32a83ad071ad76a') in 0.06179 seconds
Number of updated asset objects reloaded before import = 0Number of asset objects unloaded after import = 5

========================================================================
Received Import Request.
  Time since last request: 0.000113 seconds.
  path: Assets/Free Wood Door Pack/Materials/Door_6_Materials/Door_6_Brown.mat
  artifactKey: Guid(41762dd8e697f46419aa67d39b609c17) Importer(815301076,1909f56bfc062723c751e8b465ee728b)
Start importing Assets/Free Wood Door Pack/Materials/Door_6_Materials/Door_6_Brown.mat using Guid(41762dd8e697f46419aa67d39b609c17) Importer(815301076,1909f56bfc062723c751e8b465ee728b) (PreviewImporter) -> (artifact id: '9cc68de75963db0ad7c4a09d6151e952') in 0.0421654 seconds
Number of updated asset objects reloaded before import = 0Number of asset objects unloaded after import = 4

========================================================================
Received Import Request.
  Time since last request: 0.000067 seconds.
  path: Assets/Free Wood Door Pack/Materials/Door_4_Materials/Door_4_Brown.mat
  artifactKey: Guid(662bed332c7eb0a4aac7c02d03f0f550) Importer(815301076,1909f56bfc062723c751e8b465ee728b)
Start importing Assets/Free Wood Door Pack/Materials/Door_4_Materials/Door_4_Brown.mat using Guid(662bed332c7eb0a4aac7c02d03f0f550) Importer(815301076,1909f56bfc062723c751e8b465ee728b) (PreviewImporter) -> (artifact id: '1e04ef98eb35fe5757088ffefca3f7d7') in 0.0655911 seconds
Number of updated asset objects reloaded before import = 0Number of asset objects unloaded after import = 5

========================================================================
Received Import Request.
  Time since last request: 0.000040 seconds.
  path: Assets/Free Wood Door Pack/Materials/Door_4_Materials/Door_4_Yellow.mat
  artifactKey: Guid(55b60298cb8a415409a076e1ab8c374b) Importer(815301076,1909f56bfc062723c751e8b465ee728b)
Start importing Assets/Free Wood Door Pack/Materials/Door_4_Materials/Door_4_Yellow.mat using Guid(55b60298cb8a415409a076e1ab8c374b) Importer(815301076,1909f56bfc062723c751e8b465ee728b) (PreviewImporter) -> (artifact id: 'bc7a8994f0a9e3cf52987fd65a90e0b6') in 0.0751064 seconds
Number of updated asset objects reloaded before import = 0Number of asset objects unloaded after import = 5

========================================================================
Received Import Request.
  Time since last request: 0.000083 seconds.
  path: Assets/Free Wood Door Pack/Materials/Door_5_Materials/Door_5_Coffe.mat
  artifactKey: Guid(08dbe1082ead1ea42b73db1e3c1ab622) Importer(815301076,1909f56bfc062723c751e8b465ee728b)
Start importing Assets/Free Wood Door Pack/Materials/Door_5_Materials/Door_5_Coffe.mat using Guid(08dbe1082ead1ea42b73db1e3c1ab622) Importer(815301076,1909f56bfc062723c751e8b465ee728b) (PreviewImporter) -> (artifact id: '8c7524ceffaec2c4929b8327426c55b8') in 0.0622944 seconds
Number of updated asset objects reloaded before import = 0Number of asset objects unloaded after import = 5

========================================================================
Received Import Request.
  Time since last request: 0.000144 seconds.
  path: Assets/Free Wood Door Pack/Materials/Door_1_Materials/Door_1_Yellow.mat
  artifactKey: Guid(3b5dcb2c6669e4d4d93e6dd938ca6132) Importer(815301076,1909f56bfc062723c751e8b465ee728b)
Start importing Assets/Free Wood Door Pack/Materials/Door_1_Materials/Door_1_Yellow.mat using Guid(3b5dcb2c6669e4d4d93e6dd938ca6132) Importer(815301076,1909f56bfc062723c751e8b465ee728b) (PreviewImporter) -> (artifact id: '639388c42c03aa5478ae7c1a43b26b5f') in 0.0650545 seconds
Number of updated asset objects reloaded before import = 0Number of asset objects unloaded after import = 5

========================================================================
Received Import Request.
  Time since last request: 0.000124 seconds.
  path: Assets/Free Wood Door Pack/Materials/Door_5_Materials/Door_5_Venge.mat
  artifactKey: Guid(b50d08c6387dc1d4d870d42c48549fc2) Importer(815301076,1909f56bfc062723c751e8b465ee728b)
Start importing Assets/Free Wood Door Pack/Materials/Door_5_Materials/Door_5_Venge.mat using Guid(b50d08c6387dc1d4d870d42c48549fc2) Importer(815301076,1909f56bfc062723c751e8b465ee728b) (PreviewImporter) -> (artifact id: 'c9978fb3ea39b081b80952e21ecca499') in 0.0594554 seconds
Number of updated asset objects reloaded before import = 0Number of asset objects unloaded after import = 5

========================================================================
Received Import Request.
  Time since last request: 0.000396 seconds.
  path: Assets/Free Wood Door Pack/Materials/Door_3_Materials/Door_3_Coffe.mat
  artifactKey: Guid(38bc89a84da046e4eb4d43070fa2ba7c) Importer(815301076,1909f56bfc062723c751e8b465ee728b)
Start importing Assets/Free Wood Door Pack/Materials/Door_3_Materials/Door_3_Coffe.mat using Guid(38bc89a84da046e4eb4d43070fa2ba7c) Importer(815301076,1909f56bfc062723c751e8b465ee728b) (PreviewImporter) -> (artifact id: '6888c49119707ee5f8af4a1603922503') in 0.0483027 seconds
Number of updated asset objects reloaded before import = 0Number of asset objects unloaded after import = 5

========================================================================
Received Import Request.
  Time since last request: 0.156067 seconds.
  path: Assets/Free Wood Door Pack/Materials/Door_6_Materials/Door_6_Yellow.mat
  artifactKey: Guid(c4ce783bae7642041ae63afb99a7eb57) Importer(815301076,1909f56bfc062723c751e8b465ee728b)
Start importing Assets/Free Wood Door Pack/Materials/Door_6_Materials/Door_6_Yellow.mat using Guid(c4ce783bae7642041ae63afb99a7eb57) Importer(815301076,1909f56bfc062723c751e8b465ee728b) (PreviewImporter) -> (artifact id: 'bd5bf21c36bbe9bc451fa8358ea26d96') in 0.049649 seconds
Number of updated asset objects reloaded before import = 0Number of asset objects unloaded after import = 5

========================================================================
Received Import Request.
  Time since last request: 0.000038 seconds.
  path: Assets/Free Wood Door Pack/Materials/Door_8_Materials/Door_8_Coffe.mat
  artifactKey: Guid(ca7d68a4081823845abbb9fabfb68491) Importer(815301076,1909f56bfc062723c751e8b465ee728b)
Start importing Assets/Free Wood Door Pack/Materials/Door_8_Materials/Door_8_Coffe.mat using Guid(ca7d68a4081823845abbb9fabfb68491) Importer(815301076,1909f56bfc062723c751e8b465ee728b) (PreviewImporter) -> (artifact id: '37d60b5a78a3c51ba20471d383c7ff60') in 0.0508879 seconds
Number of updated asset objects reloaded before import = 0Number of asset objects unloaded after import = 5

========================================================================
Received Import Request.
  Time since last request: 0.000033 seconds.
  path: Assets/Free Wood Door Pack/Materials/Door_8_Materials/Door_8_Brown.mat
  artifactKey: Guid(77d589783fcc14749a52e85cf57d1f4a) Importer(815301076,1909f56bfc062723c751e8b465ee728b)
Start importing Assets/Free Wood Door Pack/Materials/Door_8_Materials/Door_8_Brown.mat using Guid(77d589783fcc14749a52e85cf57d1f4a) Importer(815301076,1909f56bfc062723c751e8b465ee728b) (PreviewImporter) -> (artifact id: '2c641a1383accf2cd02be61b9bd54320') in 0.0597969 seconds
Number of updated asset objects reloaded before import = 0Number of asset objects unloaded after import = 5

========================================================================
Received Import Request.
  Time since last request: 0.000039 seconds.
  path: Assets/Free Wood Door Pack/Materials/Door_7_Materials/Door_7_Yellow.mat
  artifactKey: Guid(7958caaaff0c4eb499f600cae6c8459b) Importer(815301076,1909f56bfc062723c751e8b465ee728b)
Start importing Assets/Free Wood Door Pack/Materials/Door_7_Materials/Door_7_Yellow.mat using Guid(7958caaaff0c4eb499f600cae6c8459b) Importer(815301076,1909f56bfc062723c751e8b465ee728b) (PreviewImporter) -> (artifact id: '5b2db7da32b868d993ef3735e87596ef') in 0.0632422 seconds
Number of updated asset objects reloaded before import = 0Number of asset objects unloaded after import = 5

========================================================================
Received Import Request.
  Time since last request: 0.000142 seconds.
  path: Assets/Free Wood Door Pack/Materials/Door_9_Materials/Door_9_Yellow.mat
  artifactKey: Guid(2eb48a350e538a94499211867924b9e5) Importer(815301076,1909f56bfc062723c751e8b465ee728b)
Start importing Assets/Free Wood Door Pack/Materials/Door_9_Materials/Door_9_Yellow.mat using Guid(2eb48a350e538a94499211867924b9e5) Importer(815301076,1909f56bfc062723c751e8b465ee728b) (PreviewImporter) -> (artifact id: '6e200c676943b7073bde69b8d2edb9ee') in 0.0665642 seconds
Number of updated asset objects reloaded before import = 0Number of asset objects unloaded after import = 5

========================================================================
Received Import Request.
  Time since last request: 0.000046 seconds.
  path: Assets/Free Wood Door Pack/Materials/Door_9_Materials/Door_9_Venge.mat
  artifactKey: Guid(cd4348a4eb954864fbd6fea39dc54581) Importer(815301076,1909f56bfc062723c751e8b465ee728b)
Start importing Assets/Free Wood Door Pack/Materials/Door_9_Materials/Door_9_Venge.mat using Guid(cd4348a4eb954864fbd6fea39dc54581) Importer(815301076,1909f56bfc062723c751e8b465ee728b) (PreviewImporter) -> (artifact id: '773d7e857fcb2bd3ddf8f506fea88ac0') in 0.0606498 seconds
Number of updated asset objects reloaded before import = 0Number of asset objects unloaded after import = 5

========================================================================
Received Import Request.
  Time since last request: 0.000040 seconds.
  path: Assets/Free Wood Door Pack/Materials/Door_10_Materials/Door_10_Milk.mat
  artifactKey: Guid(61c9cdeed82e78d4f873ea5c0ec01898) Importer(815301076,1909f56bfc062723c751e8b465ee728b)
Start importing Assets/Free Wood Door Pack/Materials/Door_10_Materials/Door_10_Milk.mat using Guid(61c9cdeed82e78d4f873ea5c0ec01898) Importer(815301076,1909f56bfc062723c751e8b465ee728b) (PreviewImporter) -> (artifact id: 'ebfd4a289ce0e1b3f80c2c7c2166bec1') in 0.0616041 seconds
Number of updated asset objects reloaded before import = 0Number of asset objects unloaded after import = 5

========================================================================
Received Import Request.
  Time since last request: 0.000053 seconds.
  path: Assets/Free Wood Door Pack/Materials/Door_9_Materials/Door_9_White.mat
  artifactKey: Guid(03dd47fb1ca2e224ab26a059a7f13e4e) Importer(815301076,1909f56bfc062723c751e8b465ee728b)
Start importing Assets/Free Wood Door Pack/Materials/Door_9_Materials/Door_9_White.mat using Guid(03dd47fb1ca2e224ab26a059a7f13e4e) Importer(815301076,1909f56bfc062723c751e8b465ee728b) (PreviewImporter) -> (artifact id: 'de5a36463a89b111ab38fd65edaae376') in 0.0836789 seconds
Number of updated asset objects reloaded before import = 0Number of asset objects unloaded after import = 5

========================================================================
Received Import Request.
  Time since last request: 0.000211 seconds.
  path: Assets/Free Wood Door Pack/Materials/Door_7_Materials/Door_7_Venge.mat
  artifactKey: Guid(4c5c8e9d4fa1176469c1f345c5d93b85) Importer(815301076,1909f56bfc062723c751e8b465ee728b)
Start importing Assets/Free Wood Door Pack/Materials/Door_7_Materials/Door_7_Venge.mat using Guid(4c5c8e9d4fa1176469c1f345c5d93b85) Importer(815301076,1909f56bfc062723c751e8b465ee728b) (PreviewImporter) -> (artifact id: 'abb520af90a7ca997ca304a83cc9d889') in 0.1015565 seconds
Number of updated asset objects reloaded before import = 0Number of asset objects unloaded after import = 5

========================================================================
Received Import Request.
  Time since last request: 0.000041 seconds.
  path: Assets/Free Wood Door Pack/Materials/Door_7_Materials/Door_7_Brown.mat
  artifactKey: Guid(e5d5cac0cc0d422459638043e18babdd) Importer(815301076,1909f56bfc062723c751e8b465ee728b)
Start importing Assets/Free Wood Door Pack/Materials/Door_7_Materials/Door_7_Brown.mat using Guid(e5d5cac0cc0d422459638043e18babdd) Importer(815301076,1909f56bfc062723c751e8b465ee728b) (PreviewImporter) -> (artifact id: '3ae82312da34a37b98485f4da9c85d34') in 0.0523307 seconds
Number of updated asset objects reloaded before import = 0Number of asset objects unloaded after import = 5

========================================================================
Received Import Request.
  Time since last request: 0.000042 seconds.
  path: Assets/Free Wood Door Pack/Materials/Door_7_Materials/Door_7_Black.mat
  artifactKey: Guid(d24622ffb39074b42b4e5fd794e02d27) Importer(815301076,1909f56bfc062723c751e8b465ee728b)
Start importing Assets/Free Wood Door Pack/Materials/Door_7_Materials/Door_7_Black.mat using Guid(d24622ffb39074b42b4e5fd794e02d27) Importer(815301076,1909f56bfc062723c751e8b465ee728b) (PreviewImporter) -> (artifact id: 'dece4f2cfbdb44b82c062bc1f45c9237') in 0.0620235 seconds
Number of updated asset objects reloaded before import = 0Number of asset objects unloaded after import = 5

========================================================================
Received Import Request.
  Time since last request: 0.000048 seconds.
  path: Assets/Free Wood Door Pack/Materials/Door_8_Materials/Door_8_Yellow.mat
  artifactKey: Guid(a8cf18a280630e54d922d9b0206a698a) Importer(815301076,1909f56bfc062723c751e8b465ee728b)
Start importing Assets/Free Wood Door Pack/Materials/Door_8_Materials/Door_8_Yellow.mat using Guid(a8cf18a280630e54d922d9b0206a698a) Importer(815301076,1909f56bfc062723c751e8b465ee728b) (PreviewImporter) -> (artifact id: 'bbb97779e2ca306bad4f61e884481483') in 0.0747926 seconds
Number of updated asset objects reloaded before import = 0Number of asset objects unloaded after import = 5

========================================================================
Received Import Request.
  Time since last request: 0.000108 seconds.
  path: Assets/Free Wood Door Pack/Materials/Door_8_Materials/Door_8_Black.mat
  artifactKey: Guid(f6e661b919bcaa0498582d88151f3968) Importer(815301076,1909f56bfc062723c751e8b465ee728b)
Start importing Assets/Free Wood Door Pack/Materials/Door_8_Materials/Door_8_Black.mat using Guid(f6e661b919bcaa0498582d88151f3968) Importer(815301076,1909f56bfc062723c751e8b465ee728b) (PreviewImporter) -> (artifact id: 'a9ee3b98e5cd70bc93ee3693f72a04c5') in 0.0484768 seconds
Number of updated asset objects reloaded before import = 0Number of asset objects unloaded after import = 5

========================================================================
Received Import Request.
  Time since last request: 0.000132 seconds.
  path: Assets/Free Wood Door Pack/Materials/Door_12_Materials/Door_12_White.mat
  artifactKey: Guid(6efbe782c14701c4a8da5b5a514aa28b) Importer(815301076,1909f56bfc062723c751e8b465ee728b)
Start importing Assets/Free Wood Door Pack/Materials/Door_12_Materials/Door_12_White.mat using Guid(6efbe782c14701c4a8da5b5a514aa28b) Importer(815301076,1909f56bfc062723c751e8b465ee728b) (PreviewImporter) -> (artifact id: 'e9692caa6566136387cebff829dc479a') in 0.0713796 seconds
Number of updated asset objects reloaded before import = 0Number of asset objects unloaded after import = 5

========================================================================
Received Import Request.
  Time since last request: 0.000041 seconds.
  path: Assets/Free Wood Door Pack/Materials/Door_10_Materials/Door_10_Yellow.mat
  artifactKey: Guid(490851ce5076b6d4ba8d7ba7984ae191) Importer(815301076,1909f56bfc062723c751e8b465ee728b)
Start importing Assets/Free Wood Door Pack/Materials/Door_10_Materials/Door_10_Yellow.mat using Guid(490851ce5076b6d4ba8d7ba7984ae191) Importer(815301076,1909f56bfc062723c751e8b465ee728b) (PreviewImporter) -> (artifact id: '4af4cdd5b3e67b86ccab86bc5bf4e016') in 0.0565492 seconds
Number of updated asset objects reloaded before import = 0Number of asset objects unloaded after import = 5

========================================================================
Received Import Request.
  Time since last request: 0.000076 seconds.
  path: Assets/Free Wood Door Pack/Materials/Door_12_Materials/Door_12_Brown.mat
  artifactKey: Guid(5a7d3c45dcf5eec43aaa977ff72acb90) Importer(815301076,1909f56bfc062723c751e8b465ee728b)
Start importing Assets/Free Wood Door Pack/Materials/Door_12_Materials/Door_12_Brown.mat using Guid(5a7d3c45dcf5eec43aaa977ff72acb90) Importer(815301076,1909f56bfc062723c751e8b465ee728b) (PreviewImporter) -> (artifact id: '4e16d4fe222304ba5b2b52536ef80007') in 0.0646788 seconds
Number of updated asset objects reloaded before import = 0Number of asset objects unloaded after import = 5

========================================================================
Received Import Request.
  Time since last request: 0.000139 seconds.
  path: Assets/Free Wood Door Pack/Materials/Door_11_Materials/Door_11_White.mat
  artifactKey: Guid(355ff4be955826d409cea47fdfecf921) Importer(815301076,1909f56bfc062723c751e8b465ee728b)
Start importing Assets/Free Wood Door Pack/Materials/Door_11_Materials/Door_11_White.mat using Guid(355ff4be955826d409cea47fdfecf921) Importer(815301076,1909f56bfc062723c751e8b465ee728b) (PreviewImporter) -> (artifact id: '7a0c33b39c88762dc7d323ba5662505d') in 0.0674285 seconds
Number of updated asset objects reloaded before import = 0Number of asset objects unloaded after import = 5

========================================================================
Received Import Request.
  Time since last request: 0.000039 seconds.
  path: Assets/Free Wood Door Pack/Materials/Door_13_Materials/Door_13_Yellow.mat
  artifactKey: Guid(c9ed3ade19eb7fe4faf4703bff637d0c) Importer(815301076,1909f56bfc062723c751e8b465ee728b)
Start importing Assets/Free Wood Door Pack/Materials/Door_13_Materials/Door_13_Yellow.mat using Guid(c9ed3ade19eb7fe4faf4703bff637d0c) Importer(815301076,1909f56bfc062723c751e8b465ee728b) (PreviewImporter) -> (artifact id: '4d8cdfc1487397c79f36407d6d2877b2') in 0.0671257 seconds
Number of updated asset objects reloaded before import = 0Number of asset objects unloaded after import = 5

========================================================================
Received Import Request.
  Time since last request: 0.000037 seconds.
  path: Assets/Free Wood Door Pack/Materials/Door_15_Materials/Door_15_Venge.mat
  artifactKey: Guid(208abbeffe6b05e4a9b6b8c2be45ebda) Importer(815301076,1909f56bfc062723c751e8b465ee728b)
Start importing Assets/Free Wood Door Pack/Materials/Door_15_Materials/Door_15_Venge.mat using Guid(208abbeffe6b05e4a9b6b8c2be45ebda) Importer(815301076,1909f56bfc062723c751e8b465ee728b) (PreviewImporter) -> (artifact id: 'dc98db0875f15ba1ce5600af632a3ee8') in 0.0665776 seconds
Number of updated asset objects reloaded before import = 0Number of asset objects unloaded after import = 5

========================================================================
Received Import Request.
  Time since last request: 0.000617 seconds.
  path: Assets/Free Wood Door Pack/Materials/Door_13_Materials/Door_13_Milk.mat
  artifactKey: Guid(4aeb831f9b1691e4998224fabac70255) Importer(815301076,1909f56bfc062723c751e8b465ee728b)
Start importing Assets/Free Wood Door Pack/Materials/Door_13_Materials/Door_13_Milk.mat using Guid(4aeb831f9b1691e4998224fabac70255) Importer(815301076,1909f56bfc062723c751e8b465ee728b) (PreviewImporter) -> (artifact id: '0ab727b9122353544ddaf4def6789676') in 0.0525937 seconds
Number of updated asset objects reloaded before import = 0Number of asset objects unloaded after import = 5

========================================================================
Received Import Request.
  Time since last request: 0.000041 seconds.
  path: Assets/Free Wood Door Pack/Materials/Door_14_Materials/Door_14_White.mat
  artifactKey: Guid(0e0dc601b9e48e64fa909d11d7a22160) Importer(815301076,1909f56bfc062723c751e8b465ee728b)
Start importing Assets/Free Wood Door Pack/Materials/Door_14_Materials/Door_14_White.mat using Guid(0e0dc601b9e48e64fa909d11d7a22160) Importer(815301076,1909f56bfc062723c751e8b465ee728b) (PreviewImporter) -> (artifact id: 'a8bba8c701d2a1f1bb1ef4952f89495c') in 0.0627669 seconds
Number of updated asset objects reloaded before import = 0Number of asset objects unloaded after import = 5

========================================================================
Received Import Request.
  Time since last request: 0.000057 seconds.
  path: Assets/Free Wood Door Pack/Materials/Door_13_Materials/Door_13_Brown.mat
  artifactKey: Guid(dcde6acac54b4f74c9981cb271bf00d9) Importer(815301076,1909f56bfc062723c751e8b465ee728b)
Start importing Assets/Free Wood Door Pack/Materials/Door_13_Materials/Door_13_Brown.mat using Guid(dcde6acac54b4f74c9981cb271bf00d9) Importer(815301076,1909f56bfc062723c751e8b465ee728b) (PreviewImporter) -> (artifact id: 'caa2ed58386aaf99ac3bd57a34a724a8') in 0.0788339 seconds
Number of updated asset objects reloaded before import = 0Number of asset objects unloaded after import = 5

========================================================================
Received Import Request.
  Time since last request: 0.000028 seconds.
  path: Assets/Free Wood Door Pack/Materials/Door_14_Materials/Door_14_Milk.mat
  artifactKey: Guid(0806dc7a2c2dbd64a8cba9fc985db428) Importer(815301076,1909f56bfc062723c751e8b465ee728b)
Start importing Assets/Free Wood Door Pack/Materials/Door_14_Materials/Door_14_Milk.mat using Guid(0806dc7a2c2dbd64a8cba9fc985db428) Importer(815301076,1909f56bfc062723c751e8b465ee728b) (PreviewImporter) -> (artifact id: 'e3f96c2103c728a740857e87f27cae07') in 0.057246 seconds
Number of updated asset objects reloaded before import = 0Number of asset objects unloaded after import = 5

========================================================================
Received Import Request.
  Time since last request: 0.000049 seconds.
  path: Assets/Free Wood Door Pack/Materials/Door_Knob_Material/Grafit.mat
  artifactKey: Guid(3a3159a34844e5e418ce36674e42cadd) Importer(815301076,1909f56bfc062723c751e8b465ee728b)
Start importing Assets/Free Wood Door Pack/Materials/Door_Knob_Material/Grafit.mat using Guid(3a3159a34844e5e418ce36674e42cadd) Importer(815301076,1909f56bfc062723c751e8b465ee728b) (PreviewImporter) -> (artifact id: '15b0d2531e274010cca311561b5c2f0d') in 0.021606 seconds
Number of updated asset objects reloaded before import = 0Number of asset objects unloaded after import = 4

========================================================================
Received Import Request.
  Time since last request: 0.000094 seconds.
  path: Assets/Free Wood Door Pack/Materials/Door_15_Materials/Door_15_Milk.mat
  artifactKey: Guid(20830380eb9072641a793907544a0f44) Importer(815301076,1909f56bfc062723c751e8b465ee728b)
Start importing Assets/Free Wood Door Pack/Materials/Door_15_Materials/Door_15_Milk.mat using Guid(20830380eb9072641a793907544a0f44) Importer(815301076,1909f56bfc062723c751e8b465ee728b) (PreviewImporter) -> (artifact id: '256f5fbc7b2932bc47ddeb56095e9552') in 0.0595046 seconds
Number of updated asset objects reloaded before import = 0Number of asset objects unloaded after import = 5

========================================================================
Received Import Request.
  Time since last request: 0.000068 seconds.
  path: Assets/Free Wood Door Pack/Materials/Door_11_Materials/Door_11_Brown.mat
  artifactKey: Guid(5a16364ffa9449548ada0b340dc78677) Importer(815301076,1909f56bfc062723c751e8b465ee728b)
Start importing Assets/Free Wood Door Pack/Materials/Door_11_Materials/Door_11_Brown.mat using Guid(5a16364ffa9449548ada0b340dc78677) Importer(815301076,1909f56bfc062723c751e8b465ee728b) (PreviewImporter) -> (artifact id: 'cc13eb1a51e8efff518a05cb2bc39bdc') in 0.0642021 seconds
Number of updated asset objects reloaded before import = 0Number of asset objects unloaded after import = 5

========================================================================
Received Import Request.
  Time since last request: 0.000223 seconds.
  path: Assets/Free Wood Door Pack/Materials/Door_11_Materials/Door_11_Milk.mat
  artifactKey: Guid(45cd74b83ba75fe48b72af3496358228) Importer(815301076,1909f56bfc062723c751e8b465ee728b)
Start importing Assets/Free Wood Door Pack/Materials/Door_11_Materials/Door_11_Milk.mat using Guid(45cd74b83ba75fe48b72af3496358228) Importer(815301076,1909f56bfc062723c751e8b465ee728b) (PreviewImporter) -> (artifact id: '8964a8ee16121964319c2befe51bbb71') in 0.0626921 seconds
Number of updated asset objects reloaded before import = 0Number of asset objects unloaded after import = 5

========================================================================
Received Import Request.
  Time since last request: 0.000105 seconds.
  path: Assets/Free Wood Door Pack/Materials/Door_15_Materials/Door_15_Coffe.mat
  artifactKey: Guid(64457205840b3e446b1ffda054f14917) Importer(815301076,1909f56bfc062723c751e8b465ee728b)
Start importing Assets/Free Wood Door Pack/Materials/Door_15_Materials/Door_15_Coffe.mat using Guid(64457205840b3e446b1ffda054f14917) Importer(815301076,1909f56bfc062723c751e8b465ee728b) (PreviewImporter) -> (artifact id: '5c0a9ee4a6b818fdb93f62a1c4d45425') in 0.0670187 seconds
Number of updated asset objects reloaded before import = 0Number of asset objects unloaded after import = 5

========================================================================
Received Import Request.
  Time since last request: 0.000102 seconds.
  path: Assets/Free Wood Door Pack/Materials/Door_12_Materials/Door_12_Black.mat
  artifactKey: Guid(0cc76973fcc82d04a9338b4fa9641a58) Importer(815301076,1909f56bfc062723c751e8b465ee728b)
Start importing Assets/Free Wood Door Pack/Materials/Door_12_Materials/Door_12_Black.mat using Guid(0cc76973fcc82d04a9338b4fa9641a58) Importer(815301076,1909f56bfc062723c751e8b465ee728b) (PreviewImporter) -> (artifact id: 'd13f6c8d3a57577d749a6e87d16b3de5') in 0.0459226 seconds
Number of updated asset objects reloaded before import = 0Number of asset objects unloaded after import = 5

========================================================================
Received Import Request.
  Time since last request: 0.000031 seconds.
  path: Assets/Free Wood Door Pack/Materials/Door_14_Materials/Door_14_Brown.mat
  artifactKey: Guid(6351314f81cdf19419a2b22103f4d478) Importer(815301076,1909f56bfc062723c751e8b465ee728b)
Start importing Assets/Free Wood Door Pack/Materials/Door_14_Materials/Door_14_Brown.mat using Guid(6351314f81cdf19419a2b22103f4d478) Importer(815301076,1909f56bfc062723c751e8b465ee728b) (PreviewImporter) -> (artifact id: '44a82f3ff59d3a1133d682fdf005dbbc') in 0.0796795 seconds
Number of updated asset objects reloaded before import = 0Number of asset objects unloaded after import = 5

========================================================================
Received Import Request.
  Time since last request: 0.000045 seconds.
  path: Assets/Free Wood Door Pack/Materials/Door_15_Materials/Door_15_Black.mat
  artifactKey: Guid(58de40241315294409caa86e87e95fdb) Importer(815301076,1909f56bfc062723c751e8b465ee728b)
Start importing Assets/Free Wood Door Pack/Materials/Door_15_Materials/Door_15_Black.mat using Guid(58de40241315294409caa86e87e95fdb) Importer(815301076,1909f56bfc062723c751e8b465ee728b) (PreviewImporter) -> (artifact id: '122dabeabb8f536457287789d031ba46') in 0.0554566 seconds
Number of updated asset objects reloaded before import = 0Number of asset objects unloaded after import = 5

========================================================================
Received Import Request.
  Time since last request: 0.000182 seconds.
  path: Assets/Free Wood Door Pack/Materials/Door_10_Materials/Door_10_White.mat
  artifactKey: Guid(1bd280b707d686b42ace8463f2f1f5c0) Importer(815301076,1909f56bfc062723c751e8b465ee728b)
Start importing Assets/Free Wood Door Pack/Materials/Door_10_Materials/Door_10_White.mat using Guid(1bd280b707d686b42ace8463f2f1f5c0) Importer(815301076,1909f56bfc062723c751e8b465ee728b) (PreviewImporter) -> (artifact id: 'badb4a0f3195097017809a1ccb217fa2') in 0.0557 seconds
Number of updated asset objects reloaded before import = 0Number of asset objects unloaded after import = 5

========================================================================
Received Import Request.
  Time since last request: 0.000049 seconds.
  path: Assets/Free Wood Door Pack/Materials/Door_13_Materials/Door_13_Black.mat
  artifactKey: Guid(793ce4f826242d04eb7b653f03f1ce3e) Importer(815301076,1909f56bfc062723c751e8b465ee728b)
Start importing Assets/Free Wood Door Pack/Materials/Door_13_Materials/Door_13_Black.mat using Guid(793ce4f826242d04eb7b653f03f1ce3e) Importer(815301076,1909f56bfc062723c751e8b465ee728b) (PreviewImporter) -> (artifact id: '2e7a4f29fa88bf9fdc5729cadc5f9883') in 0.046692 seconds
Number of updated asset objects reloaded before import = 0Number of asset objects unloaded after import = 5

========================================================================
Received Import Request.
  Time since last request: 8.557974 seconds.
  path: Assets/Enviroment/enviroment/Office building/material props/Mirror.mat
  artifactKey: Guid(a12e55a2743935a4bbbcc8ee6e195671) Importer(815301076,1909f56bfc062723c751e8b465ee728b)
Start importing Assets/Enviroment/enviroment/Office building/material props/Mirror.mat using Guid(a12e55a2743935a4bbbcc8ee6e195671) Importer(815301076,1909f56bfc062723c751e8b465ee728b) (PreviewImporter) -> (artifact id: '818b1fcf9a2f6b72d1009ff8c1153c58') in 0.0356732 seconds
Number of updated asset objects reloaded before import = 0Number of asset objects unloaded after import = 1

========================================================================
Received Import Request.
  Time since last request: 0.000035 seconds.
  path: Assets/Enviroment/enviroment/Office building/material props/paper.mat
  artifactKey: Guid(7c3888fe438a77449b56c42efee91043) Importer(815301076,1909f56bfc062723c751e8b465ee728b)
Start importing Assets/Enviroment/enviroment/Office building/material props/paper.mat using Guid(7c3888fe438a77449b56c42efee91043) Importer(815301076,1909f56bfc062723c751e8b465ee728b) (PreviewImporter) -> (artifact id: '0e8e0c3ae7352982ef589158327b6295') in 0.0153238 seconds
Number of updated asset objects reloaded before import = 0Number of asset objects unloaded after import = 1

========================================================================
Received Import Request.
  Time since last request: 0.000036 seconds.
  path: Assets/Enviroment/enviroment/Office building/material props/Office table 2.mat
  artifactKey: Guid(9d8e7d69ec137a14892283cd8fb839d6) Importer(815301076,1909f56bfc062723c751e8b465ee728b)
Start importing Assets/Enviroment/enviroment/Office building/material props/Office table 2.mat using Guid(9d8e7d69ec137a14892283cd8fb839d6) Importer(815301076,1909f56bfc062723c751e8b465ee728b) (PreviewImporter) -> (artifact id: '61804c46596afc6aea624b265588e258') in 0.0230918 seconds
Number of updated asset objects reloaded before import = 0Number of asset objects unloaded after import = 2

========================================================================
Received Import Request.
  Time since last request: 1.797801 seconds.
  path: Assets/Enviroment/enviroment/Office building/material props/pen holder.mat
  artifactKey: Guid(406fd8a3abe158840974ed821c21e1e3) Importer(815301076,1909f56bfc062723c751e8b465ee728b)
Start importing Assets/Enviroment/enviroment/Office building/material props/pen holder.mat using Guid(406fd8a3abe158840974ed821c21e1e3) Importer(815301076,1909f56bfc062723c751e8b465ee728b) (PreviewImporter) -> (artifact id: 'c370700e692f8a4ddf6fa138c41c531f') in 0.0197591 seconds
Number of updated asset objects reloaded before import = 0Number of asset objects unloaded after import = 2

========================================================================
Received Import Request.
  Time since last request: 0.000036 seconds.
  path: Assets/Enviroment/enviroment/Office building/material props/Printer A.mat
  artifactKey: Guid(91f2ad38c84590b40a3769f96cfb55af) Importer(815301076,1909f56bfc062723c751e8b465ee728b)
Start importing Assets/Enviroment/enviroment/Office building/material props/Printer A.mat using Guid(91f2ad38c84590b40a3769f96cfb55af) Importer(815301076,1909f56bfc062723c751e8b465ee728b) (PreviewImporter) -> (artifact id: '86de27d71537d5d54af3c67402d713c7') in 0.036234 seconds
Number of updated asset objects reloaded before import = 0Number of asset objects unloaded after import = 2

========================================================================
Received Import Request.
  Time since last request: 0.000036 seconds.
  path: Assets/Enviroment/enviroment/Office building/material props/Securety desk.mat
  artifactKey: Guid(cdb79dbec356af54e9b8208a88f45010) Importer(815301076,1909f56bfc062723c751e8b465ee728b)
Start importing Assets/Enviroment/enviroment/Office building/material props/Securety desk.mat using Guid(cdb79dbec356af54e9b8208a88f45010) Importer(815301076,1909f56bfc062723c751e8b465ee728b) (PreviewImporter) -> (artifact id: '737f181914f8cb55cf2d43c29bb5fdcc') in 0.0292582 seconds
Number of updated asset objects reloaded before import = 0Number of asset objects unloaded after import = 3

========================================================================
Received Import Request.
  Time since last request: 0.025421 seconds.
  path: Assets/Free Wood Door Pack/Materials/Door_Knob_Material/Silver.mat
  artifactKey: Guid(74d049c34000329458b9b53fadd16377) Importer(815301076,1909f56bfc062723c751e8b465ee728b)
Start importing Assets/Free Wood Door Pack/Materials/Door_Knob_Material/Silver.mat using Guid(74d049c34000329458b9b53fadd16377) Importer(815301076,1909f56bfc062723c751e8b465ee728b) (PreviewImporter) -> (artifact id: '79cd710bab7485d26327c4340656b6fc') in 0.0226017 seconds
Number of updated asset objects reloaded before import = 0Number of asset objects unloaded after import = 4

========================================================================
Received Import Request.
  Time since last request: 0.000039 seconds.
  path: Assets/Free Wood Door Pack/Materials/SkyboxProcedural.mat
  artifactKey: Guid(dce25ada87405a64c943cc71f7db0f05) Importer(815301076,1909f56bfc062723c751e8b465ee728b)
Start importing Assets/Free Wood Door Pack/Materials/SkyboxProcedural.mat using Guid(dce25ada87405a64c943cc71f7db0f05) Importer(815301076,1909f56bfc062723c751e8b465ee728b) (PreviewImporter) -> (artifact id: '2c9b834ba5491711c33fb70416177ff3') in 0.033412 seconds
Number of updated asset objects reloaded before import = 0Number of asset objects unloaded after import = 1

========================================================================
Received Import Request.
  Time since last request: 0.000029 seconds.
  path: Assets/Enviroment/enviroment/Office building/material props/toilet cabine.mat
  artifactKey: Guid(12e11908ce92276418e0258753323d31) Importer(815301076,1909f56bfc062723c751e8b465ee728b)
Start importing Assets/Enviroment/enviroment/Office building/material props/toilet cabine.mat using Guid(12e11908ce92276418e0258753323d31) Importer(815301076,1909f56bfc062723c751e8b465ee728b) (PreviewImporter) -> (artifact id: 'd23fd9eda11559ba6a066ae2dbaea372') in 0.0400425 seconds
Number of updated asset objects reloaded before import = 0Number of asset objects unloaded after import = 2

========================================================================
Received Import Request.
  Time since last request: 0.000039 seconds.
  path: Assets/Enviroment/enviroment/Office building/material props/Storage box Red.mat
  artifactKey: Guid(6c9e933aa98ef7d4e8aa2e963aaa6cd8) Importer(815301076,1909f56bfc062723c751e8b465ee728b)
Start importing Assets/Enviroment/enviroment/Office building/material props/Storage box Red.mat using Guid(6c9e933aa98ef7d4e8aa2e963aaa6cd8) Importer(815301076,1909f56bfc062723c751e8b465ee728b) (PreviewImporter) -> (artifact id: '99dacda4760ddd487032e393b76a7550') in 0.0157124 seconds
Number of updated asset objects reloaded before import = 0Number of asset objects unloaded after import = 2

========================================================================
Received Import Request.
  Time since last request: 14.852149 seconds.
  path: Assets/Enviroment/enviroment/Office building/material props/Urinal wall.mat
  artifactKey: Guid(6cc788526cc255846bdf2e743045352c) Importer(815301076,1909f56bfc062723c751e8b465ee728b)
Start importing Assets/Enviroment/enviroment/Office building/material props/Urinal wall.mat using Guid(6cc788526cc255846bdf2e743045352c) Importer(815301076,1909f56bfc062723c751e8b465ee728b) (PreviewImporter) -> (artifact id: '233c5cf5494fd135875ff0795eb4cf03') in 0.0354775 seconds
Number of updated asset objects reloaded before import = 0Number of asset objects unloaded after import = 2

========================================================================
Received Import Request.
  Time since last request: 0.000032 seconds.
  path: Assets/Enviroment/enviroment/Office building/material props/Ventilation.001 Emission.mat
  artifactKey: Guid(e46e088e2d959af41aa6c13c842520c5) Importer(815301076,1909f56bfc062723c751e8b465ee728b)
Start importing Assets/Enviroment/enviroment/Office building/material props/Ventilation.001 Emission.mat using Guid(e46e088e2d959af41aa6c13c842520c5) Importer(815301076,1909f56bfc062723c751e8b465ee728b) (PreviewImporter) -> (artifact id: '118d99954914cf8ee84c6519cd3f8904') in 0.0141286 seconds
Number of updated asset objects reloaded before import = 0Number of asset objects unloaded after import = 2

Editor requested this worker to shutdown with reason: Scaling down because of idle timeout
AssetImportWorker is now disconnected from the server
Process exiting
Exiting without the bug reporter. Application will terminate with return code 0