Using pre-set license
Built from '2023.2/staging' branch; Version is '2023.2.11f1 (6a1e21c61430) revision 6954529'; Using compiler version '193431935'; Build Type 'Release'
OS: 'Windows 11  (10.0.22631) 64bit Professional' Language: 'pt' Physical Memory: 5989 MB
BatchMode: 1, IsHumanControllingUs: 0, StartBugReporterOnCrash: 0, Is64bit: 1, IsPro: 1

COMMAND LINE ARGUMENTS:
C:\Program Files\Unity\Hub\Editor\2023.2.11f1-x86_64\Editor\Unity.exe
-adb2
-batchMode
-noUpm
-name
AssetImportWorker3
-projectPath
C:/Users/jogos/OneDrive/Área de Trabalho/Unity/470 Anos
-logFile
Logs/AssetImportWorker3.log
-srvPort
50216
-job-worker-count
5
-background-job-worker-count
8
-asset-garbage-collectors
1
Successfully changed project path to: C:/Users/jogos/OneDrive/Área de Trabalho/Unity/470 Anos
C:/Users/jogos/OneDrive/Área de Trabalho/Unity/470 Anos
[UnityMemory] Configuration Parameters - Can be set up in boot.config
    "memorysetup-bucket-allocator-granularity=16"
    "memorysetup-bucket-allocator-bucket-count=8"
    "memorysetup-bucket-allocator-block-size=33554432"
    "memorysetup-bucket-allocator-block-count=8"
    "memorysetup-main-allocator-block-size=16777216"
    "memorysetup-thread-allocator-block-size=16777216"
    "memorysetup-gfx-main-allocator-block-size=16777216"
    "memorysetup-gfx-thread-allocator-block-size=16777216"
    "memorysetup-cache-allocator-block-size=4194304"
    "memorysetup-typetree-allocator-block-size=2097152"
    "memorysetup-profiler-bucket-allocator-granularity=16"
    "memorysetup-profiler-bucket-allocator-bucket-count=8"
    "memorysetup-profiler-bucket-allocator-block-size=33554432"
    "memorysetup-profiler-bucket-allocator-block-count=8"
    "memorysetup-profiler-allocator-block-size=16777216"
    "memorysetup-profiler-editor-allocator-block-size=1048576"
    "memorysetup-temp-allocator-size-main=16777216"
    "memorysetup-job-temp-allocator-block-size=2097152"
    "memorysetup-job-temp-allocator-block-size-background=1048576"
    "memorysetup-job-temp-allocator-reduction-small-platforms=262144"
    "memorysetup-allocator-temp-initial-block-size-main=262144"
    "memorysetup-allocator-temp-initial-block-size-worker=262144"
    "memorysetup-temp-allocator-size-background-worker=32768"
    "memorysetup-temp-allocator-size-job-worker=262144"
    "memorysetup-temp-allocator-size-preload-manager=33554432"
    "memorysetup-temp-allocator-size-nav-mesh-worker=65536"
    "memorysetup-temp-allocator-size-audio-worker=65536"
    "memorysetup-temp-allocator-size-cloud-worker=32768"
    "memorysetup-temp-allocator-size-gi-baking-worker=262144"
    "memorysetup-temp-allocator-size-gi-baking-worker=262144"
    "memorysetup-temp-allocator-size-gi-baking-worker=262144"
    "memorysetup-temp-allocator-size-gi-baking-worker=262144"
    "memorysetup-temp-allocator-size-gfx=262144"
Player connection [4184] Host "[IP] 26.97.67.56 [Port] 0 [Flags] 2 [Guid] 2063610560 [EditorId] 2063610560 [Version] 1048832 [Id] WindowsEditor(7,notebookdemichelle) [Debug] 1 [PackageName] WindowsEditor [ProjectName] Editor" joined multi-casting on [225.0.0.222:54997]...
Player connection [4184] Host "[IP] 26.97.67.56 [Port] 0 [Flags] 2 [Guid] 2063610560 [EditorId] 2063610560 [Version] 1048832 [Id] WindowsEditor(7,notebookdemichelle) [Debug] 1 [PackageName] WindowsEditor [ProjectName] Editor" joined alternative multi-casting on [225.0.0.222:34997]...
JobSystem: Creating JobQueue using job-worker-count value 5
[Physics::Module] Initialized MultithreadedJobDispatcher with 5 workers.
Library Redirect Path: Library/
Refreshing native plugins compatible for Editor in 9.76 ms, found 3 plugins.
Preloading 0 native plugins for Editor in 0.00 ms.
Initialize engine version: 2023.2.11f1 (6a1e21c61430)
[Subsystems] Discovering subsystems at path C:/Program Files/Unity/Hub/Editor/2023.2.11f1-x86_64/Editor/Data/Resources/UnitySubsystems
[Subsystems] Discovering subsystems at path C:/Users/jogos/OneDrive/Área de Trabalho/Unity/470 Anos/Assets
GfxDevice: creating device client; kGfxThreadingModeNonThreaded
Direct3D:
    Version:  Direct3D 11.0 [level 11.1]
    Renderer: AMD Radeon (TM) Graphics (ID=0x15e7)
    Vendor:   ATI
    VRAM:     2994 MB
    Driver:   31.0.21024.2004
Initialize mono
Mono path[0] = 'C:/Program Files/Unity/Hub/Editor/2023.2.11f1-x86_64/Editor/Data/Managed'
Mono path[1] = 'C:/Program Files/Unity/Hub/Editor/2023.2.11f1-x86_64/Editor/Data/MonoBleedingEdge/lib/mono/unityjit-win32'
Mono config path = 'C:/Program Files/Unity/Hub/Editor/2023.2.11f1-x86_64/Editor/Data/MonoBleedingEdge/etc'
Using monoOptions --debugger-agent=transport=dt_socket,embedding=1,server=y,suspend=n,address=127.0.0.1:56516
Begin MonoManager ReloadAssembly
C:\build\output\Unity-Technologies\mono\mono\metadata\icall.c:1842:
C:\build\output\Unity-Technologies\mono\mono\metadata\icall.c:1842:
C:\build\output\Unity-Technologies\mono\mono\metadata\icall.c:1842:
C:\build\output\Unity-Technologies\mono\mono\metadata\icall.c:1842:
C:\build\output\Unity-Technologies\mono\mono\metadata\icall.c:1842:
C:\build\output\Unity-Technologies\mono\mono\metadata\icall.c:1842:
C:\build\output\Unity-Technologies\mono\mono\metadata\icall.c:1842:
C:\build\output\Unity-Technologies\mono\mono\metadata\icall.c:1842:
C:\build\output\Unity-Technologies\mono\mono\metadata\icall.c:1842:
C:\build\output\Unity-Technologies\mono\mono\metadata\icall.c:1842:
Registering precompiled unity dll's ...
Register platform support module: C:/Program Files/Unity/Hub/Editor/2023.2.11f1-x86_64/Editor/Data/PlaybackEngines/WindowsStandaloneSupport/UnityEditor.WindowsStandalone.Extensions.dll
Registered in 0.005064 seconds.
- Loaded All Assemblies, in  0.636 seconds
Native extension for WindowsStandalone target not found
Mono: successfully reloaded assembly
C:\build\output\Unity-Technologies\mono\mono\metadata\icall.c:1842:
C:\build\output\Unity-Technologies\mono\mono\metadata\icall.c:1842:
- Finished resetting the current domain, in  0.427 seconds
Domain Reload Profiling: 1060ms
	BeginReloadAssembly (255ms)
		ExecutionOrderSort (0ms)
		DisableScriptedObjects (0ms)
		BackupInstance (0ms)
		ReleaseScriptingObjects (0ms)
		CreateAndSetChildDomain (3ms)
	RebuildCommonClasses (59ms)
	RebuildNativeTypeToScriptingClass (17ms)
	initialDomainReloadingComplete (78ms)
	LoadAllAssembliesAndSetupDomain (223ms)
		LoadAssemblies (248ms)
		RebuildTransferFunctionScriptingTraits (0ms)
		AnalyzeDomain (219ms)
			TypeCache.Refresh (217ms)
				TypeCache.ScanAssembly (194ms)
			BuildScriptInfoCaches (0ms)
			ResolveRequiredComponents (1ms)
	FinalizeReload (428ms)
		ReleaseScriptCaches (0ms)
		RebuildScriptCaches (0ms)
		SetupLoadedEditorAssemblies (331ms)
			LogAssemblyErrors (0ms)
			InitializePlatformSupportModulesInManaged (14ms)
			SetLoadedEditorAssemblies (6ms)
			BeforeProcessingInitializeOnLoad (12ms)
			ProcessInitializeOnLoadAttributes (239ms)
			ProcessInitializeOnLoadMethodAttributes (59ms)
			AfterProcessingInitializeOnLoad (0ms)
			EditorAssembliesLoaded (0ms)
		ExecutionOrderSort2 (0ms)
		AwakeInstancesAfterBackupRestoration (0ms)
========================================================================
Worker process is ready to serve import requests
Import Worker Mode flag is 0x00
Begin MonoManager ReloadAssembly
C:\build\output\Unity-Technologies\mono\mono\metadata\icall.c:1842:
C:\build\output\Unity-Technologies\mono\mono\metadata\icall.c:1842:
C:\build\output\Unity-Technologies\mono\mono\metadata\icall.c:1842:
C:\build\output\Unity-Technologies\mono\mono\metadata\icall.c:1842:
C:\build\output\Unity-Technologies\mono\mono\metadata\icall.c:1842:
C:\build\output\Unity-Technologies\mono\mono\metadata\icall.c:1842:
C:\build\output\Unity-Technologies\mono\mono\metadata\icall.c:1842:
C:\build\output\Unity-Technologies\mono\mono\metadata\icall.c:1842:
C:\build\output\Unity-Technologies\mono\mono\metadata\icall.c:1842:
C:\build\output\Unity-Technologies\mono\mono\metadata\icall.c:1842:
C:\build\output\Unity-Technologies\mono\mono\metadata\icall.c:1842:
C:\build\output\Unity-Technologies\mono\mono\metadata\icall.c:1842:
Symbol file LoadedFromMemory doesn't match image C:\Users\jogos\OneDrive\Área de Trabalho\Unity\470 Anos\Library\PackageCache\com.unity.visualscripting@1.8.0\Editor\VisualScripting.Core\Dependencies\YamlDotNet\Unity.VisualScripting.YamlDotNet.dll
Symbol file LoadedFromMemory doesn't match image C:\Users\jogos\OneDrive\Área de Trabalho\Unity\470 Anos\Library\PackageCache\com.unity.visualscripting@1.8.0\Editor\VisualScripting.Core\Dependencies\DotNetZip\Unity.VisualScripting.IonicZip.dll
- Loaded All Assemblies, in  1.747 seconds
Refreshing native plugins compatible for Editor in 3.01 ms, found 3 plugins.
Native extension for WindowsStandalone target not found
Mono: successfully reloaded assembly
- Finished resetting the current domain, in  1.712 seconds
Domain Reload Profiling: 3441ms
	BeginReloadAssembly (680ms)
		ExecutionOrderSort (0ms)
		DisableScriptedObjects (7ms)
		BackupInstance (0ms)
		ReleaseScriptingObjects (0ms)
		CreateAndSetChildDomain (80ms)
	RebuildCommonClasses (100ms)
	RebuildNativeTypeToScriptingClass (33ms)
	initialDomainReloadingComplete (83ms)
	LoadAllAssembliesAndSetupDomain (831ms)
		LoadAssemblies (830ms)
		RebuildTransferFunctionScriptingTraits (0ms)
		AnalyzeDomain (297ms)
			TypeCache.Refresh (253ms)
				TypeCache.ScanAssembly (230ms)
			BuildScriptInfoCaches (37ms)
			ResolveRequiredComponents (4ms)
	FinalizeReload (1714ms)
		ReleaseScriptCaches (0ms)
		RebuildScriptCaches (0ms)
		SetupLoadedEditorAssemblies (1248ms)
			LogAssemblyErrors (0ms)
			InitializePlatformSupportModulesInManaged (5ms)
			SetLoadedEditorAssemblies (8ms)
			BeforeProcessingInitializeOnLoad (100ms)
			ProcessInitializeOnLoadAttributes (1075ms)
			ProcessInitializeOnLoadMethodAttributes (45ms)
			AfterProcessingInitializeOnLoad (13ms)
			EditorAssembliesLoaded (1ms)
		ExecutionOrderSort2 (0ms)
		AwakeInstancesAfterBackupRestoration (17ms)
Launched and connected shader compiler UnityShaderCompiler.exe after 0.03 seconds
Refreshing native plugins compatible for Editor in 3.53 ms, found 3 plugins.
Preloading 0 native plugins for Editor in 0.00 ms.
Unloading 9 Unused Serialized files (Serialized files now loaded: 0)
Unloading 3147 unused Assets / (1.1 MB). Loaded Objects now: 3705.
Memory consumption went from 116.6 MB to 115.4 MB.
Total: 28.180000 ms (FindLiveObjects: 1.524600 ms CreateObjectMapping: 1.292800 ms MarkObjects: 20.085300 ms  DeleteObjects: 5.274200 ms)

========================================================================
Received Import Request.
  Time since last request: 2352.877241 seconds.
  path: Assets/Enviroment/enviroment/Office building/Prefabs/File box blue Prefab.prefab
  artifactKey: Guid(0cad143f02eeb25428ce49d3d8edf3b9) Importer(815301076,1909f56bfc062723c751e8b465ee728b)
Start importing Assets/Enviroment/enviroment/Office building/Prefabs/File box blue Prefab.prefab using Guid(0cad143f02eeb25428ce49d3d8edf3b9) Importer(815301076,1909f56bfc062723c751e8b465ee728b) (PreviewImporter) -> (artifact id: 'a9acf489251007a0e59f8d3bf1e52065') in 0.3024173 seconds
Number of updated asset objects reloaded before import = 0Number of asset objects unloaded after import = 12

========================================================================
Received Import Request.
  Time since last request: 0.000103 seconds.
  path: Assets/Enviroment/enviroment/Office building/Prefabs/Clock Prefab.prefab
  artifactKey: Guid(f95eb02e4b4e8cc42938637d6ff3c02b) Importer(815301076,1909f56bfc062723c751e8b465ee728b)
Start importing Assets/Enviroment/enviroment/Office building/Prefabs/Clock Prefab.prefab using Guid(f95eb02e4b4e8cc42938637d6ff3c02b) Importer(815301076,1909f56bfc062723c751e8b465ee728b) (PreviewImporter) -> (artifact id: 'bd4ad4a276bd61d105da6888e06fa02e') in 0.0250747 seconds
Number of updated asset objects reloaded before import = 0Number of asset objects unloaded after import = 12

========================================================================
Received Import Request.
  Time since last request: 0.000287 seconds.
  path: Assets/Enviroment/enviroment/Office building/Prefabs/Cupboard Prefab.prefab
  artifactKey: Guid(4eba7747850446642b66b7de50916792) Importer(815301076,1909f56bfc062723c751e8b465ee728b)
Start importing Assets/Enviroment/enviroment/Office building/Prefabs/Cupboard Prefab.prefab using Guid(4eba7747850446642b66b7de50916792) Importer(815301076,1909f56bfc062723c751e8b465ee728b) (PreviewImporter) -> (artifact id: '756024dab7a2dad4aff13d0ec7dad1ba') in 0.019545 seconds
Number of updated asset objects reloaded before import = 0Number of asset objects unloaded after import = 12

========================================================================
Received Import Request.
  Time since last request: 0.382816 seconds.
  path: Assets/Enviroment/enviroment/Office building/Prefabs/Kindergarten carpet Prefab.prefab
  artifactKey: Guid(5fbdc5fbf2fc309409f49a8998bd49c2) Importer(815301076,1909f56bfc062723c751e8b465ee728b)
Start importing Assets/Enviroment/enviroment/Office building/Prefabs/Kindergarten carpet Prefab.prefab using Guid(5fbdc5fbf2fc309409f49a8998bd49c2) Importer(815301076,1909f56bfc062723c751e8b465ee728b) (PreviewImporter) -> (artifact id: 'a5c745bd2307f2c2f5d6f646d256770d') in 0.0239872 seconds
Number of updated asset objects reloaded before import = 0Number of asset objects unloaded after import = 12

========================================================================
Received Import Request.
  Time since last request: 0.000059 seconds.
  path: Assets/Enviroment/enviroment/Office building/Prefabs/Kindergarten chair Prefab.prefab
  artifactKey: Guid(f06dcf5fd562e964b8e8bcc5537bf2fe) Importer(815301076,1909f56bfc062723c751e8b465ee728b)
Start importing Assets/Enviroment/enviroment/Office building/Prefabs/Kindergarten chair Prefab.prefab using Guid(f06dcf5fd562e964b8e8bcc5537bf2fe) Importer(815301076,1909f56bfc062723c751e8b465ee728b) (PreviewImporter) -> (artifact id: '145959de611ff9cdc86ceda9acd77c47') in 0.0401693 seconds
Number of updated asset objects reloaded before import = 0Number of asset objects unloaded after import = 12

========================================================================
Received Import Request.
  Time since last request: 0.000034 seconds.
  path: Assets/Enviroment/enviroment/Office building/Prefabs/Kindergarten picture wall Prefab.prefab
  artifactKey: Guid(dc8d908c039573d4f989fc0931f5616f) Importer(815301076,1909f56bfc062723c751e8b465ee728b)
Start importing Assets/Enviroment/enviroment/Office building/Prefabs/Kindergarten picture wall Prefab.prefab using Guid(dc8d908c039573d4f989fc0931f5616f) Importer(815301076,1909f56bfc062723c751e8b465ee728b) (PreviewImporter) -> (artifact id: 'bcb9eb95c95ee0979671e3c12efdf9f6') in 0.0239137 seconds
Number of updated asset objects reloaded before import = 0Number of asset objects unloaded after import = 12

========================================================================
Received Import Request.
  Time since last request: 0.000034 seconds.
  path: Assets/Enviroment/enviroment/Office building/Prefabs/Kitchen sink Prefab.prefab
  artifactKey: Guid(9625900181000eb44ac38b70b0b4dfbc) Importer(815301076,1909f56bfc062723c751e8b465ee728b)
Start importing Assets/Enviroment/enviroment/Office building/Prefabs/Kitchen sink Prefab.prefab using Guid(9625900181000eb44ac38b70b0b4dfbc) Importer(815301076,1909f56bfc062723c751e8b465ee728b) (PreviewImporter) -> (artifact id: 'e5cd198b1652209c40ce8517c2060075') in 0.0299454 seconds
Number of updated asset objects reloaded before import = 0Number of asset objects unloaded after import = 12

========================================================================
Received Import Request.
  Time since last request: 0.000033 seconds.
  path: Assets/Enviroment/enviroment/Office building/Prefabs/Lamp B Prefab.prefab
  artifactKey: Guid(68ded745d66b56e47a0d9f8bab900b1b) Importer(815301076,1909f56bfc062723c751e8b465ee728b)
Start importing Assets/Enviroment/enviroment/Office building/Prefabs/Lamp B Prefab.prefab using Guid(68ded745d66b56e47a0d9f8bab900b1b) Importer(815301076,1909f56bfc062723c751e8b465ee728b) (PreviewImporter) -> (artifact id: 'ba194d13f1b1662d588d0c13efd65a24') in 0.0210467 seconds
Number of updated asset objects reloaded before import = 0Number of asset objects unloaded after import = 16

========================================================================
Received Import Request.
  Time since last request: 0.000058 seconds.
  path: Assets/Enviroment/enviroment/Office building/Prefabs/lobby table Prefab.prefab
  artifactKey: Guid(fa09ba391c7201c49b534ca1e0e4a7c1) Importer(815301076,1909f56bfc062723c751e8b465ee728b)
Start importing Assets/Enviroment/enviroment/Office building/Prefabs/lobby table Prefab.prefab using Guid(fa09ba391c7201c49b534ca1e0e4a7c1) Importer(815301076,1909f56bfc062723c751e8b465ee728b) (PreviewImporter) -> (artifact id: '9b77a7ec221fddc53c772d7b61bd40fd') in 0.1721755 seconds
Number of updated asset objects reloaded before import = 0Number of asset objects unloaded after import = 19

========================================================================
Received Import Request.
  Time since last request: 0.731179 seconds.
  path: Assets/Enviroment/enviroment/Office building/Prefabs/mattress Prefab.prefab
  artifactKey: Guid(7a91100f34a8ab84aaa1a2fb0014324d) Importer(815301076,1909f56bfc062723c751e8b465ee728b)
Start importing Assets/Enviroment/enviroment/Office building/Prefabs/mattress Prefab.prefab using Guid(7a91100f34a8ab84aaa1a2fb0014324d) Importer(815301076,1909f56bfc062723c751e8b465ee728b) (PreviewImporter) -> (artifact id: '1e85c624f237262c43f4fe25d93de34b') in 0.0174437 seconds
Number of updated asset objects reloaded before import = 0Number of asset objects unloaded after import = 12

========================================================================
Received Import Request.
  Time since last request: 0.000031 seconds.
  path: Assets/Enviroment/enviroment/Office building/Prefabs/Noteblock Prefab.prefab
  artifactKey: Guid(ff8234404b4936646a8c285cafb4e648) Importer(815301076,1909f56bfc062723c751e8b465ee728b)
Start importing Assets/Enviroment/enviroment/Office building/Prefabs/Noteblock Prefab.prefab using Guid(ff8234404b4936646a8c285cafb4e648) Importer(815301076,1909f56bfc062723c751e8b465ee728b) (PreviewImporter) -> (artifact id: '449ff3bc87acf2a0679024e7f985f9d6') in 0.0165504 seconds
Number of updated asset objects reloaded before import = 0Number of asset objects unloaded after import = 12

========================================================================
Received Import Request.
  Time since last request: 0.000025 seconds.
  path: Assets/Enviroment/enviroment/Office building/Prefabs/Metal cupboard Prefab.prefab
  artifactKey: Guid(807f5c2ba3781b842bf272cf8b1939ae) Importer(815301076,1909f56bfc062723c751e8b465ee728b)
Start importing Assets/Enviroment/enviroment/Office building/Prefabs/Metal cupboard Prefab.prefab using Guid(807f5c2ba3781b842bf272cf8b1939ae) Importer(815301076,1909f56bfc062723c751e8b465ee728b) (PreviewImporter) -> (artifact id: 'a55039d85bd1acabced78f403e17deb1') in 0.0241402 seconds
Number of updated asset objects reloaded before import = 0Number of asset objects unloaded after import = 12

========================================================================
Received Import Request.
  Time since last request: 0.000052 seconds.
  path: Assets/Enviroment/enviroment/Office building/Prefabs/Office table Prefab.prefab
  artifactKey: Guid(003f91c8f9aa7d84fa7a00b552f9144a) Importer(815301076,1909f56bfc062723c751e8b465ee728b)
Start importing Assets/Enviroment/enviroment/Office building/Prefabs/Office table Prefab.prefab using Guid(003f91c8f9aa7d84fa7a00b552f9144a) Importer(815301076,1909f56bfc062723c751e8b465ee728b) (PreviewImporter) -> (artifact id: '7b2ee34ba91b22160a96235ed7f9a15f') in 0.025265 seconds
Number of updated asset objects reloaded before import = 0Number of asset objects unloaded after import = 12

========================================================================
Received Import Request.
  Time since last request: 0.000036 seconds.
  path: Assets/Enviroment/enviroment/Office building/Prefabs/Office chair Prefab.prefab
  artifactKey: Guid(c1e5af2ff42787c4da9691a81d25269e) Importer(815301076,1909f56bfc062723c751e8b465ee728b)
Start importing Assets/Enviroment/enviroment/Office building/Prefabs/Office chair Prefab.prefab using Guid(c1e5af2ff42787c4da9691a81d25269e) Importer(815301076,1909f56bfc062723c751e8b465ee728b) (PreviewImporter) -> (artifact id: '3b112a7205af76f94dd08f4f1446bfca') in 0.1286629 seconds
Number of updated asset objects reloaded before import = 0Number of asset objects unloaded after import = 12

========================================================================
Received Import Request.
  Time since last request: 0.641730 seconds.
  path: Assets/Enviroment/enviroment/Office building/Prefabs/paper Prefab.prefab
  artifactKey: Guid(f8ec7b4856b8eb747ab5935cec767b15) Importer(815301076,1909f56bfc062723c751e8b465ee728b)
Start importing Assets/Enviroment/enviroment/Office building/Prefabs/paper Prefab.prefab using Guid(f8ec7b4856b8eb747ab5935cec767b15) Importer(815301076,1909f56bfc062723c751e8b465ee728b) (PreviewImporter) -> (artifact id: '5ecc6183ceb0c6a536d769f65e3a9197') in 0.0210873 seconds
Number of updated asset objects reloaded before import = 0Number of asset objects unloaded after import = 11

========================================================================
Received Import Request.
  Time since last request: 0.000035 seconds.
  path: Assets/Enviroment/enviroment/Office building/Prefabs/plant 1 Prefab.prefab
  artifactKey: Guid(ebb3fb0024366fa48b1a54ce15e27f7e) Importer(815301076,1909f56bfc062723c751e8b465ee728b)
Start importing Assets/Enviroment/enviroment/Office building/Prefabs/plant 1 Prefab.prefab using Guid(ebb3fb0024366fa48b1a54ce15e27f7e) Importer(815301076,1909f56bfc062723c751e8b465ee728b) (PreviewImporter) -> (artifact id: '8d6129fe3c68dba54837dac5bcfbaafb') in 0.0176057 seconds
Number of updated asset objects reloaded before import = 0Number of asset objects unloaded after import = 17

========================================================================
Received Import Request.
  Time since last request: 0.000035 seconds.
  path: Assets/Enviroment/enviroment/Office building/Prefabs/phone Prefab.prefab
  artifactKey: Guid(9c87ff614b3962b4baebe14ed39cde94) Importer(815301076,1909f56bfc062723c751e8b465ee728b)
Start importing Assets/Enviroment/enviroment/Office building/Prefabs/phone Prefab.prefab using Guid(9c87ff614b3962b4baebe14ed39cde94) Importer(815301076,1909f56bfc062723c751e8b465ee728b) (PreviewImporter) -> (artifact id: '04d61e719a6d6befd9a83cc2b91f39df') in 0.0264197 seconds
Number of updated asset objects reloaded before import = 0Number of asset objects unloaded after import = 12

========================================================================
Received Import Request.
  Time since last request: 0.000045 seconds.
  path: Assets/Enviroment/enviroment/Office building/Prefabs/Plant 2 prefab.prefab
  artifactKey: Guid(c7e13309d6fe92b44aeae0c3ce40fab7) Importer(815301076,1909f56bfc062723c751e8b465ee728b)
Start importing Assets/Enviroment/enviroment/Office building/Prefabs/Plant 2 prefab.prefab using Guid(c7e13309d6fe92b44aeae0c3ce40fab7) Importer(815301076,1909f56bfc062723c751e8b465ee728b) (PreviewImporter) -> (artifact id: 'dbac59e9fa3d0b93fc28fb8a76283fe2') in 0.0220388 seconds
Number of updated asset objects reloaded before import = 0Number of asset objects unloaded after import = 17

========================================================================
Received Import Request.
  Time since last request: 0.000053 seconds.
  path: Assets/Enviroment/enviroment/Office building/Prefabs/Plant 3 Prefab.prefab
  artifactKey: Guid(bb4ac9382c724a74b9dd82d157a42bbc) Importer(815301076,1909f56bfc062723c751e8b465ee728b)
Start importing Assets/Enviroment/enviroment/Office building/Prefabs/Plant 3 Prefab.prefab using Guid(bb4ac9382c724a74b9dd82d157a42bbc) Importer(815301076,1909f56bfc062723c751e8b465ee728b) (PreviewImporter) -> (artifact id: 'ad8a8624f32129fa5ed0486c04854046') in 0.0175809 seconds
Number of updated asset objects reloaded before import = 0Number of asset objects unloaded after import = 29

========================================================================
Received Import Request.
  Time since last request: 0.000030 seconds.
  path: Assets/Enviroment/enviroment/Office building/Prefabs/Storage box red prefab.prefab
  artifactKey: Guid(d155e6b1b5bb6ee4ab0dd45db69cb41f) Importer(815301076,1909f56bfc062723c751e8b465ee728b)
Start importing Assets/Enviroment/enviroment/Office building/Prefabs/Storage box red prefab.prefab using Guid(d155e6b1b5bb6ee4ab0dd45db69cb41f) Importer(815301076,1909f56bfc062723c751e8b465ee728b) (PreviewImporter) -> (artifact id: '6a7e3c584ed1db7a190d07e95c29fa1d') in 0.0285473 seconds
Number of updated asset objects reloaded before import = 0Number of asset objects unloaded after import = 12

========================================================================
Received Import Request.
  Time since last request: 0.000031 seconds.
  path: Assets/Enviroment/enviroment/Office building/Prefabs/shelving A prefab.prefab
  artifactKey: Guid(382313487c565f14a87f1d0eb5501713) Importer(815301076,1909f56bfc062723c751e8b465ee728b)
Start importing Assets/Enviroment/enviroment/Office building/Prefabs/shelving A prefab.prefab using Guid(382313487c565f14a87f1d0eb5501713) Importer(815301076,1909f56bfc062723c751e8b465ee728b) (PreviewImporter) -> (artifact id: '68602675b285003f090306e003790e76') in 0.0315573 seconds
Number of updated asset objects reloaded before import = 0Number of asset objects unloaded after import = 12

========================================================================
Received Import Request.
  Time since last request: 0.000054 seconds.
  path: Assets/Enviroment/enviroment/Office building/Prefabs/Sink Prefab.prefab
  artifactKey: Guid(b1295682df892f4458bfeed5b1cc271f) Importer(815301076,1909f56bfc062723c751e8b465ee728b)
Start importing Assets/Enviroment/enviroment/Office building/Prefabs/Sink Prefab.prefab using Guid(b1295682df892f4458bfeed5b1cc271f) Importer(815301076,1909f56bfc062723c751e8b465ee728b) (PreviewImporter) -> (artifact id: '3af14c4cf1c0860ec2f7cacf894af832') in 0.0287829 seconds
Number of updated asset objects reloaded before import = 0Number of asset objects unloaded after import = 12

========================================================================
Received Import Request.
  Time since last request: 0.000090 seconds.
  path: Assets/Enviroment/enviroment/Office building/Prefabs/Sign securety only Prefab.prefab
  artifactKey: Guid(2e78930ef070a334990dba032ebe04a1) Importer(815301076,1909f56bfc062723c751e8b465ee728b)
Start importing Assets/Enviroment/enviroment/Office building/Prefabs/Sign securety only Prefab.prefab using Guid(2e78930ef070a334990dba032ebe04a1) Importer(815301076,1909f56bfc062723c751e8b465ee728b) (PreviewImporter) -> (artifact id: '4255f182670ace152450cb3abdc86f1b') in 0.0305961 seconds
Number of updated asset objects reloaded before import = 0Number of asset objects unloaded after import = 12

========================================================================
Received Import Request.
  Time since last request: 0.381105 seconds.
  path: Assets/Enviroment/enviroment/Office building/Prefabs/table B Prefab.prefab
  artifactKey: Guid(54b07283592fc8e45a857de30c6fac3f) Importer(815301076,1909f56bfc062723c751e8b465ee728b)
Start importing Assets/Enviroment/enviroment/Office building/Prefabs/table B Prefab.prefab using Guid(54b07283592fc8e45a857de30c6fac3f) Importer(815301076,1909f56bfc062723c751e8b465ee728b) (PreviewImporter) -> (artifact id: 'abf4f39897e831b6e2ef75002e023a85') in 0.0162698 seconds
Number of updated asset objects reloaded before import = 0Number of asset objects unloaded after import = 12

========================================================================
Received Import Request.
  Time since last request: 0.000030 seconds.
  path: Assets/Enviroment/enviroment/Office building/Prefabs/Trash bin Prefab.prefab
  artifactKey: Guid(4e0bc8274a648084d99f2c41d46f9a52) Importer(815301076,1909f56bfc062723c751e8b465ee728b)
Start importing Assets/Enviroment/enviroment/Office building/Prefabs/Trash bin Prefab.prefab using Guid(4e0bc8274a648084d99f2c41d46f9a52) Importer(815301076,1909f56bfc062723c751e8b465ee728b) (PreviewImporter) -> (artifact id: 'cfbfc5c7b7d3e9e8e57d680a0231c5c7') in 0.0205635 seconds
Number of updated asset objects reloaded before import = 0Number of asset objects unloaded after import = 12

========================================================================
Received Import Request.
  Time since last request: 0.000056 seconds.
  path: Assets/Enviroment/enviroment/Office building/Prefabs/Toilet paper prefab.prefab
  artifactKey: Guid(76d25017ebdd9e34e95ab02752c7b1ad) Importer(815301076,1909f56bfc062723c751e8b465ee728b)
Start importing Assets/Enviroment/enviroment/Office building/Prefabs/Toilet paper prefab.prefab using Guid(76d25017ebdd9e34e95ab02752c7b1ad) Importer(815301076,1909f56bfc062723c751e8b465ee728b) (PreviewImporter) -> (artifact id: 'fd7beaa8aa88c9a9c1521c20958610ec') in 0.0182042 seconds
Number of updated asset objects reloaded before import = 0Number of asset objects unloaded after import = 17

========================================================================
Received Import Request.
  Time since last request: 0.000043 seconds.
  path: Assets/Enviroment/enviroment/Office building/Prefabs/Toilet cabine Prefab.prefab
  artifactKey: Guid(14f4f8b01b4d437489dd51800622e198) Importer(815301076,1909f56bfc062723c751e8b465ee728b)
Start importing Assets/Enviroment/enviroment/Office building/Prefabs/Toilet cabine Prefab.prefab using Guid(14f4f8b01b4d437489dd51800622e198) Importer(815301076,1909f56bfc062723c751e8b465ee728b) (PreviewImporter) -> (artifact id: '0ca9c7e7c5aaaf7084d456ae8202b6d3') in 0.0294882 seconds
Number of updated asset objects reloaded before import = 0Number of asset objects unloaded after import = 47

========================================================================
Received Import Request.
  Time since last request: 0.361843 seconds.
  path: Assets/Enviroment/enviroment/Office building/Prefabs/Window Prefab.prefab
  artifactKey: Guid(825e92f1e5b55c745a191cc0957d5458) Importer(815301076,1909f56bfc062723c751e8b465ee728b)
Start importing Assets/Enviroment/enviroment/Office building/Prefabs/Window Prefab.prefab using Guid(825e92f1e5b55c745a191cc0957d5458) Importer(815301076,1909f56bfc062723c751e8b465ee728b) (PreviewImporter) -> (artifact id: 'f7b855f687e4225c6a3d8631785ade3b') in 0.0144304 seconds
Number of updated asset objects reloaded before import = 0Number of asset objects unloaded after import = 9

Editor requested this worker to shutdown with reason: Scaling down because of idle timeout
AssetImportWorker is now disconnected from the server
Process exiting
Exiting without the bug reporter. Application will terminate with return code 0