Using pre-set license
Built from '2023.2/staging' branch; Version is '2023.2.11f1 (6a1e21c61430) revision 6954529'; Using compiler version '193431935'; Build Type 'Release'
OS: 'Windows 11  (10.0.22631) 64bit ProfessionalEducation' Language: 'pt' Physical Memory: 15740 MB
BatchMode: 1, IsHumanControllingUs: 0, StartBugReporterOnCrash: 0, Is64bit: 1, IsPro: 1

COMMAND LINE ARGUMENTS:
C:\Program Files\Unity\Hub\Editor\2023.2.11f1\Editor\Unity.exe
-adb2
-batchMode
-noUpm
-name
AssetImportWorker1
-projectPath
C:/Users/2jd/Downloads/Kevin C e Samuel Paiva/SP 470 Tela inicial/SP470 Tela inicial
-logFile
Logs/AssetImportWorker1.log
-srvPort
53920
-job-worker-count
5
-background-job-worker-count
8
-asset-garbage-collectors
1
Successfully changed project path to: C:/Users/2jd/Downloads/Kevin C e Samuel Paiva/SP 470 Tela inicial/SP470 Tela inicial
C:/Users/2jd/Downloads/Kevin C e Samuel Paiva/SP 470 Tela inicial/SP470 Tela inicial
[UnityMemory] Configuration Parameters - Can be set up in boot.config
    "memorysetup-bucket-allocator-granularity=16"
    "memorysetup-bucket-allocator-bucket-count=8"
    "memorysetup-bucket-allocator-block-size=33554432"
    "memorysetup-bucket-allocator-block-count=8"
    "memorysetup-main-allocator-block-size=16777216"
    "memorysetup-thread-allocator-block-size=16777216"
    "memorysetup-gfx-main-allocator-block-size=16777216"
    "memorysetup-gfx-thread-allocator-block-size=16777216"
    "memorysetup-cache-allocator-block-size=4194304"
    "memorysetup-typetree-allocator-block-size=2097152"
    "memorysetup-profiler-bucket-allocator-granularity=16"
    "memorysetup-profiler-bucket-allocator-bucket-count=8"
    "memorysetup-profiler-bucket-allocator-block-size=33554432"
    "memorysetup-profiler-bucket-allocator-block-count=8"
    "memorysetup-profiler-allocator-block-size=16777216"
    "memorysetup-profiler-editor-allocator-block-size=1048576"
    "memorysetup-temp-allocator-size-main=16777216"
    "memorysetup-job-temp-allocator-block-size=2097152"
    "memorysetup-job-temp-allocator-block-size-background=1048576"
    "memorysetup-job-temp-allocator-reduction-small-platforms=262144"
    "memorysetup-allocator-temp-initial-block-size-main=262144"
    "memorysetup-allocator-temp-initial-block-size-worker=262144"
    "memorysetup-temp-allocator-size-background-worker=32768"
    "memorysetup-temp-allocator-size-job-worker=262144"
    "memorysetup-temp-allocator-size-preload-manager=33554432"
    "memorysetup-temp-allocator-size-nav-mesh-worker=65536"
    "memorysetup-temp-allocator-size-audio-worker=65536"
    "memorysetup-temp-allocator-size-cloud-worker=32768"
    "memorysetup-temp-allocator-size-gi-baking-worker=262144"
    "memorysetup-temp-allocator-size-gi-baking-worker=262144"
    "memorysetup-temp-allocator-size-gi-baking-worker=262144"
    "memorysetup-temp-allocator-size-gi-baking-worker=262144"
    "memorysetup-temp-allocator-size-gfx=262144"
Player connection [9040] Host "[IP] 192.168.1.118 [Port] 0 [Flags] 2 [Guid] 645734319 [EditorId] 645734319 [Version] 1048832 [Id] WindowsEditor(7,PCLAB3-11) [Debug] 1 [PackageName] WindowsEditor [ProjectName] Editor" joined multi-casting on [225.0.0.222:54997]...
Player connection [9040] Host "[IP] 192.168.1.118 [Port] 0 [Flags] 2 [Guid] 645734319 [EditorId] 645734319 [Version] 1048832 [Id] WindowsEditor(7,PCLAB3-11) [Debug] 1 [PackageName] WindowsEditor [ProjectName] Editor" joined alternative multi-casting on [225.0.0.222:34997]...
JobSystem: Creating JobQueue using job-worker-count value 5
[Physics::Module] Initialized MultithreadedJobDispatcher with 5 workers.
Library Redirect Path: Library/
Refreshing native plugins compatible for Editor in 1.10 ms, found 3 plugins.
Preloading 0 native plugins for Editor in 0.00 ms.
Initialize engine version: 2023.2.11f1 (6a1e21c61430)
[Subsystems] Discovering subsystems at path C:/Program Files/Unity/Hub/Editor/2023.2.11f1/Editor/Data/Resources/UnitySubsystems
[Subsystems] Discovering subsystems at path C:/Users/2jd/Downloads/Kevin C e Samuel Paiva/SP 470 Tela inicial/SP470 Tela inicial/Assets
GfxDevice: creating device client; kGfxThreadingModeNonThreaded
Direct3D:
    Version:  Direct3D 11.0 [level 11.1]
    Renderer: AMD Radeon(TM) Graphics (ID=0x1636)
    Vendor:   ATI
    VRAM:     7870 MB
    Driver:   31.0.21912.14
Initialize mono
Mono path[0] = 'C:/Program Files/Unity/Hub/Editor/2023.2.11f1/Editor/Data/Managed'
Mono path[1] = 'C:/Program Files/Unity/Hub/Editor/2023.2.11f1/Editor/Data/MonoBleedingEdge/lib/mono/unityjit-win32'
Mono config path = 'C:/Program Files/Unity/Hub/Editor/2023.2.11f1/Editor/Data/MonoBleedingEdge/etc'
Using monoOptions --debugger-agent=transport=dt_socket,embedding=1,server=y,suspend=n,address=127.0.0.1:56036
Begin MonoManager ReloadAssembly
C:\build\output\Unity-Technologies\mono\mono\metadata\icall.c:1842:
C:\build\output\Unity-Technologies\mono\mono\metadata\icall.c:1842:
C:\build\output\Unity-Technologies\mono\mono\metadata\icall.c:1842:
C:\build\output\Unity-Technologies\mono\mono\metadata\icall.c:1842:
C:\build\output\Unity-Technologies\mono\mono\metadata\icall.c:1842:
C:\build\output\Unity-Technologies\mono\mono\metadata\icall.c:1842:
C:\build\output\Unity-Technologies\mono\mono\metadata\icall.c:1842:
C:\build\output\Unity-Technologies\mono\mono\metadata\icall.c:1842:
C:\build\output\Unity-Technologies\mono\mono\metadata\icall.c:1842:
C:\build\output\Unity-Technologies\mono\mono\metadata\icall.c:1842:
Registering precompiled unity dll's ...
Register platform support module: C:/Program Files/Unity/Hub/Editor/2023.2.11f1/Editor/Data/PlaybackEngines/WindowsStandaloneSupport/UnityEditor.WindowsStandalone.Extensions.dll
Registered in 0.002150 seconds.
- Loaded All Assemblies, in  0.419 seconds
Native extension for WindowsStandalone target not found
Mono: successfully reloaded assembly
C:\build\output\Unity-Technologies\mono\mono\metadata\icall.c:1842:
C:\build\output\Unity-Technologies\mono\mono\metadata\icall.c:1842:
- Finished resetting the current domain, in  0.368 seconds
Domain Reload Profiling: 786ms
	BeginReloadAssembly (143ms)
		ExecutionOrderSort (0ms)
		DisableScriptedObjects (0ms)
		BackupInstance (0ms)
		ReleaseScriptingObjects (0ms)
		CreateAndSetChildDomain (1ms)
	RebuildCommonClasses (41ms)
	RebuildNativeTypeToScriptingClass (15ms)
	initialDomainReloadingComplete (48ms)
	LoadAllAssembliesAndSetupDomain (170ms)
		LoadAssemblies (141ms)
		RebuildTransferFunctionScriptingTraits (0ms)
		AnalyzeDomain (167ms)
			TypeCache.Refresh (166ms)
				TypeCache.ScanAssembly (152ms)
			BuildScriptInfoCaches (0ms)
			ResolveRequiredComponents (0ms)
	FinalizeReload (369ms)
		ReleaseScriptCaches (0ms)
		RebuildScriptCaches (0ms)
		SetupLoadedEditorAssemblies (315ms)
			LogAssemblyErrors (0ms)
			InitializePlatformSupportModulesInManaged (9ms)
			SetLoadedEditorAssemblies (5ms)
			BeforeProcessingInitializeOnLoad (7ms)
			ProcessInitializeOnLoadAttributes (235ms)
			ProcessInitializeOnLoadMethodAttributes (58ms)
			AfterProcessingInitializeOnLoad (0ms)
			EditorAssembliesLoaded (0ms)
		ExecutionOrderSort2 (0ms)
		AwakeInstancesAfterBackupRestoration (0ms)
========================================================================
Worker process is ready to serve import requests
Import Worker Mode flag is 0x00
Begin MonoManager ReloadAssembly
C:\build\output\Unity-Technologies\mono\mono\metadata\icall.c:1842:
C:\build\output\Unity-Technologies\mono\mono\metadata\icall.c:1842:
C:\build\output\Unity-Technologies\mono\mono\metadata\icall.c:1842:
C:\build\output\Unity-Technologies\mono\mono\metadata\icall.c:1842:
C:\build\output\Unity-Technologies\mono\mono\metadata\icall.c:1842:
C:\build\output\Unity-Technologies\mono\mono\metadata\icall.c:1842:
C:\build\output\Unity-Technologies\mono\mono\metadata\icall.c:1842:
C:\build\output\Unity-Technologies\mono\mono\metadata\icall.c:1842:
C:\build\output\Unity-Technologies\mono\mono\metadata\icall.c:1842:
C:\build\output\Unity-Technologies\mono\mono\metadata\icall.c:1842:
C:\build\output\Unity-Technologies\mono\mono\metadata\icall.c:1842:
C:\build\output\Unity-Technologies\mono\mono\metadata\icall.c:1842:
Symbol file LoadedFromMemory doesn't match image C:\Users\2jd\Downloads\Kevin C e Samuel Paiva\SP 470 Tela inicial\SP470 Tela inicial\Library\PackageCache\com.unity.visualscripting@1.8.0\Editor\VisualScripting.Core\Dependencies\YamlDotNet\Unity.VisualScripting.YamlDotNet.dll
Symbol file LoadedFromMemory doesn't match image C:\Users\2jd\Downloads\Kevin C e Samuel Paiva\SP 470 Tela inicial\SP470 Tela inicial\Library\PackageCache\com.unity.visualscripting@1.8.0\Editor\VisualScripting.Core\Dependencies\DotNetZip\Unity.VisualScripting.IonicZip.dll
- Loaded All Assemblies, in  0.896 seconds
Refreshing native plugins compatible for Editor in 0.70 ms, found 3 plugins.
Native extension for WindowsStandalone target not found
Mono: successfully reloaded assembly
- Finished resetting the current domain, in  0.708 seconds
Domain Reload Profiling: 1600ms
	BeginReloadAssembly (351ms)
		ExecutionOrderSort (0ms)
		DisableScriptedObjects (6ms)
		BackupInstance (0ms)
		ReleaseScriptingObjects (0ms)
		CreateAndSetChildDomain (36ms)
	RebuildCommonClasses (42ms)
	RebuildNativeTypeToScriptingClass (14ms)
	initialDomainReloadingComplete (44ms)
	LoadAllAssembliesAndSetupDomain (439ms)
		LoadAssemblies (341ms)
		RebuildTransferFunctionScriptingTraits (0ms)
		AnalyzeDomain (213ms)
			TypeCache.Refresh (186ms)
				TypeCache.ScanAssembly (170ms)
			BuildScriptInfoCaches (20ms)
			ResolveRequiredComponents (4ms)
	FinalizeReload (708ms)
		ReleaseScriptCaches (0ms)
		RebuildScriptCaches (0ms)
		SetupLoadedEditorAssemblies (498ms)
			LogAssemblyErrors (0ms)
			InitializePlatformSupportModulesInManaged (2ms)
			SetLoadedEditorAssemblies (4ms)
			BeforeProcessingInitializeOnLoad (37ms)
			ProcessInitializeOnLoadAttributes (426ms)
			ProcessInitializeOnLoadMethodAttributes (25ms)
			AfterProcessingInitializeOnLoad (3ms)
			EditorAssembliesLoaded (0ms)
		ExecutionOrderSort2 (0ms)
		AwakeInstancesAfterBackupRestoration (8ms)
Launched and connected shader compiler UnityShaderCompiler.exe after 0.01 seconds
Refreshing native plugins compatible for Editor in 1.26 ms, found 3 plugins.
Preloading 0 native plugins for Editor in 0.00 ms.
Unloading 26 Unused Serialized files (Serialized files now loaded: 0)
Unloading 3179 unused Assets / (1.0 MB). Loaded Objects now: 3750.
Memory consumption went from 121.6 MB to 120.6 MB.
Total: 7.143600 ms (FindLiveObjects: 0.447100 ms CreateObjectMapping: 0.363600 ms MarkObjects: 5.090400 ms  DeleteObjects: 1.240700 ms)

========================================================================
Received Import Request.
  Time since last request: 431803.568436 seconds.
  path: Assets/Simple city plain/Material & Texture/Colors_buildings/A2.mat
  artifactKey: Guid(5188c7492ef51d143a7128aa9700788a) Importer(815301076,1909f56bfc062723c751e8b465ee728b)
Start importing Assets/Simple city plain/Material & Texture/Colors_buildings/A2.mat using Guid(5188c7492ef51d143a7128aa9700788a) Importer(815301076,1909f56bfc062723c751e8b465ee728b) (PreviewImporter) -> (artifact id: '5de46569b07c2f5e04d8c32498b26e9f') in 0.1295042 seconds
Number of updated asset objects reloaded before import = 0Number of asset objects unloaded after import = 1

========================================================================
Received Import Request.
  Time since last request: 0.000035 seconds.
  path: Assets/Simple city plain/Material & Texture/Colors_buildings/I3.mat
  artifactKey: Guid(ce22e4b8667c6c4498256004a51def48) Importer(815301076,1909f56bfc062723c751e8b465ee728b)
Start importing Assets/Simple city plain/Material & Texture/Colors_buildings/I3.mat using Guid(ce22e4b8667c6c4498256004a51def48) Importer(815301076,1909f56bfc062723c751e8b465ee728b) (PreviewImporter) -> (artifact id: '1fa6c02307119e0f02333b348ff63bd2') in 0.0166179 seconds
Number of updated asset objects reloaded before import = 0Number of asset objects unloaded after import = 1

========================================================================
Received Import Request.
  Time since last request: 0.000096 seconds.
  path: Assets/Simple city plain/Material & Texture/Colors_buildings/E3.mat
  artifactKey: Guid(4e806bb1fdee85a44aca49978bc274e7) Importer(815301076,1909f56bfc062723c751e8b465ee728b)
Start importing Assets/Simple city plain/Material & Texture/Colors_buildings/E3.mat using Guid(4e806bb1fdee85a44aca49978bc274e7) Importer(815301076,1909f56bfc062723c751e8b465ee728b) (PreviewImporter) -> (artifact id: '32d389cea9e2652340d7ac3e5034a75d') in 0.021597 seconds
Number of updated asset objects reloaded before import = 0Number of asset objects unloaded after import = 1

========================================================================
Received Import Request.
  Time since last request: 0.000066 seconds.
  path: Assets/TextMesh Pro/Examples & Extras/Fonts/Oswald-Bold.ttf
  artifactKey: Guid(c9f6d0e7bc8541498c9a4799ba184ede) Importer(815301076,1909f56bfc062723c751e8b465ee728b)
Start importing Assets/TextMesh Pro/Examples & Extras/Fonts/Oswald-Bold.ttf using Guid(c9f6d0e7bc8541498c9a4799ba184ede) Importer(815301076,1909f56bfc062723c751e8b465ee728b) (PreviewImporter) -> (artifact id: '3069051ebb87f8beab9486dc80457406') in 0.0402571 seconds
Number of updated asset objects reloaded before import = 0Number of asset objects unloaded after import = 4

========================================================================
Received Import Request.
  Time since last request: 0.000035 seconds.
  path: Assets/Simple city plain/Material & Texture/Colors_buildings/D1.mat
  artifactKey: Guid(be3dd0dbeba4e0e44b4a036604ec5247) Importer(815301076,1909f56bfc062723c751e8b465ee728b)
Start importing Assets/Simple city plain/Material & Texture/Colors_buildings/D1.mat using Guid(be3dd0dbeba4e0e44b4a036604ec5247) Importer(815301076,1909f56bfc062723c751e8b465ee728b) (PreviewImporter) -> (artifact id: '555034e2b1797f76c8e536b857bcfaad') in 0.01549 seconds
Number of updated asset objects reloaded before import = 0Number of asset objects unloaded after import = 1

========================================================================
Received Import Request.
  Time since last request: 0.000053 seconds.
  path: Assets/Simple city plain/Material & Texture/Colors_buildings/H2.mat
  artifactKey: Guid(6f227c8592ad80a41be32efd278da65a) Importer(815301076,1909f56bfc062723c751e8b465ee728b)
Start importing Assets/Simple city plain/Material & Texture/Colors_buildings/H2.mat using Guid(6f227c8592ad80a41be32efd278da65a) Importer(815301076,1909f56bfc062723c751e8b465ee728b) (PreviewImporter) -> (artifact id: 'c3539f372e157e1b6e057f5c9d3951c5') in 0.0154846 seconds
Number of updated asset objects reloaded before import = 0Number of asset objects unloaded after import = 1

========================================================================
Received Import Request.
  Time since last request: 0.000064 seconds.
  path: Assets/TextMesh Pro/Examples & Extras/Fonts/Roboto-Bold.ttf
  artifactKey: Guid(4beb055f07aaff244873dec698d0363e) Importer(815301076,1909f56bfc062723c751e8b465ee728b)
Start importing Assets/TextMesh Pro/Examples & Extras/Fonts/Roboto-Bold.ttf using Guid(4beb055f07aaff244873dec698d0363e) Importer(815301076,1909f56bfc062723c751e8b465ee728b) (PreviewImporter) -> (artifact id: '5f284252ac89f8aa03a0139a7d1663ee') in 0.014842 seconds
Number of updated asset objects reloaded before import = 0Number of asset objects unloaded after import = 4

========================================================================
Received Import Request.
  Time since last request: 0.000021 seconds.
  path: Assets/TextMesh Pro/Examples & Extras/Resources/Fonts & Materials/Bangers SDF.asset
  artifactKey: Guid(125cb55b44b24c4393181402bc6200e6) Importer(815301076,1909f56bfc062723c751e8b465ee728b)
Start importing Assets/TextMesh Pro/Examples & Extras/Resources/Fonts & Materials/Bangers SDF.asset using Guid(125cb55b44b24c4393181402bc6200e6) Importer(815301076,1909f56bfc062723c751e8b465ee728b) (PreviewImporter) -> (artifact id: '60db0d1397f4bf4960c6b26bdd32599e') in 0.0336169 seconds
Number of updated asset objects reloaded before import = 0Number of asset objects unloaded after import = 6

========================================================================
Received Import Request.
  Time since last request: 0.000021 seconds.
  path: Assets/TextMesh Pro/Examples & Extras/Resources/Fonts & Materials/Bangers SDF Glow.mat
  artifactKey: Guid(d75b8f41e959450c84ac6e967084d3e1) Importer(815301076,1909f56bfc062723c751e8b465ee728b)
Start importing Assets/TextMesh Pro/Examples & Extras/Resources/Fonts & Materials/Bangers SDF Glow.mat using Guid(d75b8f41e959450c84ac6e967084d3e1) Importer(815301076,1909f56bfc062723c751e8b465ee728b) (PreviewImporter) -> (artifact id: '17d4314697583ca6a5b7467b8535e8a5') in 0.1167755 seconds
Number of updated asset objects reloaded before import = 0Number of asset objects unloaded after import = 3

========================================================================
Received Import Request.
  Time since last request: 0.000029 seconds.
  path: Assets/Simple city plain/Material & Texture/Colors_buildings/B3.mat
  artifactKey: Guid(6654366d45d22054abd260171b0f7c04) Importer(815301076,1909f56bfc062723c751e8b465ee728b)
Start importing Assets/Simple city plain/Material & Texture/Colors_buildings/B3.mat using Guid(6654366d45d22054abd260171b0f7c04) Importer(815301076,1909f56bfc062723c751e8b465ee728b) (PreviewImporter) -> (artifact id: '959dd8469ab5715bb236802369263f84') in 0.015755 seconds
Number of updated asset objects reloaded before import = 0Number of asset objects unloaded after import = 1

========================================================================
Received Import Request.
  Time since last request: 0.000024 seconds.
  path: Assets/Simple city plain/Material & Texture/Colors_buildings/C3.mat
  artifactKey: Guid(91155d9f14bc7c24885accb7c3b9025f) Importer(815301076,1909f56bfc062723c751e8b465ee728b)
Start importing Assets/Simple city plain/Material & Texture/Colors_buildings/C3.mat using Guid(91155d9f14bc7c24885accb7c3b9025f) Importer(815301076,1909f56bfc062723c751e8b465ee728b) (PreviewImporter) -> (artifact id: 'f0e0ce07010a905dba5f88f5b3176bcb') in 0.0135317 seconds
Number of updated asset objects reloaded before import = 0Number of asset objects unloaded after import = 1

========================================================================
Received Import Request.
  Time since last request: 0.000038 seconds.
  path: Assets/TextMesh Pro/Examples & Extras/Fonts/Anton.ttf
  artifactKey: Guid(997a43b767814dd0a7642ec9b78cba41) Importer(815301076,1909f56bfc062723c751e8b465ee728b)
Start importing Assets/TextMesh Pro/Examples & Extras/Fonts/Anton.ttf using Guid(997a43b767814dd0a7642ec9b78cba41) Importer(815301076,1909f56bfc062723c751e8b465ee728b) (PreviewImporter) -> (artifact id: '376b09a8325e3c8c2322fa18ae999a4b') in 0.0139814 seconds
Number of updated asset objects reloaded before import = 0Number of asset objects unloaded after import = 4

========================================================================
Received Import Request.
  Time since last request: 0.000018 seconds.
  path: Assets/Simple city plain/Material & Texture/Colors_buildings/G3.mat
  artifactKey: Guid(ed6309fcf2465f8459ee0d575167c0ed) Importer(815301076,1909f56bfc062723c751e8b465ee728b)
Start importing Assets/Simple city plain/Material & Texture/Colors_buildings/G3.mat using Guid(ed6309fcf2465f8459ee0d575167c0ed) Importer(815301076,1909f56bfc062723c751e8b465ee728b) (PreviewImporter) -> (artifact id: '6e9c10ee389218a0d02f106958349c46') in 0.0145196 seconds
Number of updated asset objects reloaded before import = 0Number of asset objects unloaded after import = 1

========================================================================
Received Import Request.
  Time since last request: 0.000079 seconds.
  path: Assets/Simple city plain/Material & Texture/Colors_buildings/E1.mat
  artifactKey: Guid(76d6265878226dc409ce872e24203b86) Importer(815301076,1909f56bfc062723c751e8b465ee728b)
Start importing Assets/Simple city plain/Material & Texture/Colors_buildings/E1.mat using Guid(76d6265878226dc409ce872e24203b86) Importer(815301076,1909f56bfc062723c751e8b465ee728b) (PreviewImporter) -> (artifact id: 'deb97af706188c861c9eea05a50cb378') in 0.0170356 seconds
Number of updated asset objects reloaded before import = 0Number of asset objects unloaded after import = 1

========================================================================
Received Import Request.
  Time since last request: 0.000028 seconds.
  path: Assets/Simple city plain/Material & Texture/Material mesh/gas pump.mat
  artifactKey: Guid(1f3aed826d0deb142ae61d35be7f4ff8) Importer(815301076,1909f56bfc062723c751e8b465ee728b)
Start importing Assets/Simple city plain/Material & Texture/Material mesh/gas pump.mat using Guid(1f3aed826d0deb142ae61d35be7f4ff8) Importer(815301076,1909f56bfc062723c751e8b465ee728b) (PreviewImporter) -> (artifact id: '7e252effe41f4209161e0832c8407413') in 0.0247064 seconds
Number of updated asset objects reloaded before import = 0Number of asset objects unloaded after import = 2

========================================================================
Received Import Request.
  Time since last request: 0.000065 seconds.
  path: Assets/Simple city plain/Material & Texture/Colors_buildings/A3.mat
  artifactKey: Guid(c4d3a0c81c5ffb34889379e1a1cf85bb) Importer(815301076,1909f56bfc062723c751e8b465ee728b)
Start importing Assets/Simple city plain/Material & Texture/Colors_buildings/A3.mat using Guid(c4d3a0c81c5ffb34889379e1a1cf85bb) Importer(815301076,1909f56bfc062723c751e8b465ee728b) (PreviewImporter) -> (artifact id: 'e0d29e5aff3ec83f54f6403dc12efd6d') in 0.0184127 seconds
Number of updated asset objects reloaded before import = 0Number of asset objects unloaded after import = 1

========================================================================
Received Import Request.
  Time since last request: 0.000067 seconds.
  path: Assets/TextMesh Pro/Examples & Extras/Resources/Fonts & Materials/Bangers SDF - Outline.mat
  artifactKey: Guid(f629c6e43dba4bf38cb74d8860150664) Importer(815301076,1909f56bfc062723c751e8b465ee728b)
Start importing Assets/TextMesh Pro/Examples & Extras/Resources/Fonts & Materials/Bangers SDF - Outline.mat using Guid(f629c6e43dba4bf38cb74d8860150664) Importer(815301076,1909f56bfc062723c751e8b465ee728b) (PreviewImporter) -> (artifact id: '3ea9b40db0399de0c0739d60c8b3cb39') in 0.047696 seconds
Number of updated asset objects reloaded before import = 0Number of asset objects unloaded after import = 2

========================================================================
Received Import Request.
  Time since last request: 0.000031 seconds.
  path: Assets/Simple city plain/Material & Texture/Material mesh/Hydrant.mat
  artifactKey: Guid(84656e979de647d48a1dffd409494192) Importer(815301076,1909f56bfc062723c751e8b465ee728b)
Start importing Assets/Simple city plain/Material & Texture/Material mesh/Hydrant.mat using Guid(84656e979de647d48a1dffd409494192) Importer(815301076,1909f56bfc062723c751e8b465ee728b) (PreviewImporter) -> (artifact id: 'e531bfa66386a842acbeb55455bc3abd') in 0.0166316 seconds
Number of updated asset objects reloaded before import = 0Number of asset objects unloaded after import = 1

========================================================================
Received Import Request.
  Time since last request: 0.000022 seconds.
  path: Assets/Simple city plain/Material & Texture/Colors_buildings/B2.mat
  artifactKey: Guid(792fa418de0281e4bab622f9a60c88b2) Importer(815301076,1909f56bfc062723c751e8b465ee728b)
Start importing Assets/Simple city plain/Material & Texture/Colors_buildings/B2.mat using Guid(792fa418de0281e4bab622f9a60c88b2) Importer(815301076,1909f56bfc062723c751e8b465ee728b) (PreviewImporter) -> (artifact id: 'a3e18859bf2d672b4a700855c3e59ba3') in 0.0160596 seconds
Number of updated asset objects reloaded before import = 0Number of asset objects unloaded after import = 1

========================================================================
Received Import Request.
  Time since last request: 0.000097 seconds.
  path: Assets/TextMesh Pro/Examples & Extras/Resources/Fonts & Materials/Bangers SDF - Drop Shadow.mat
  artifactKey: Guid(f2dcf029949142e28b974630369c8b4e) Importer(815301076,1909f56bfc062723c751e8b465ee728b)
Start importing Assets/TextMesh Pro/Examples & Extras/Resources/Fonts & Materials/Bangers SDF - Drop Shadow.mat using Guid(f2dcf029949142e28b974630369c8b4e) Importer(815301076,1909f56bfc062723c751e8b465ee728b) (PreviewImporter) -> (artifact id: 'a464e0d999e56fc5ad37ec8d1b479984') in 0.047992 seconds
Number of updated asset objects reloaded before import = 0Number of asset objects unloaded after import = 2

========================================================================
Received Import Request.
  Time since last request: 0.000031 seconds.
  path: Assets/TextMesh Pro/Fonts/LiberationSans.ttf
  artifactKey: Guid(e3265ab4bf004d28a9537516768c1c75) Importer(815301076,1909f56bfc062723c751e8b465ee728b)
Start importing Assets/TextMesh Pro/Fonts/LiberationSans.ttf using Guid(e3265ab4bf004d28a9537516768c1c75) Importer(815301076,1909f56bfc062723c751e8b465ee728b) (PreviewImporter) -> (artifact id: '0c7f2e2e17a3ebdcac44bda580781b46') in 0.013746 seconds
Number of updated asset objects reloaded before import = 0Number of asset objects unloaded after import = 4

========================================================================
Received Import Request.
  Time since last request: 0.000030 seconds.
  path: Assets/Simple city plain/Material & Texture/Colors_buildings/G1.mat
  artifactKey: Guid(73daffab7784ec040ba2d4d7302527f8) Importer(815301076,1909f56bfc062723c751e8b465ee728b)
Start importing Assets/Simple city plain/Material & Texture/Colors_buildings/G1.mat using Guid(73daffab7784ec040ba2d4d7302527f8) Importer(815301076,1909f56bfc062723c751e8b465ee728b) (PreviewImporter) -> (artifact id: '73feb87af1e90c7c011a203be734ede5') in 0.0199061 seconds
Number of updated asset objects reloaded before import = 0Number of asset objects unloaded after import = 1

========================================================================
Received Import Request.
  Time since last request: 0.000061 seconds.
  path: Assets/Simple city plain/Material & Texture/Material mesh/Dirt.mat
  artifactKey: Guid(9b0509cf5979e03459b722142113657c) Importer(815301076,1909f56bfc062723c751e8b465ee728b)
Start importing Assets/Simple city plain/Material & Texture/Material mesh/Dirt.mat using Guid(9b0509cf5979e03459b722142113657c) Importer(815301076,1909f56bfc062723c751e8b465ee728b) (PreviewImporter) -> (artifact id: '9a28684366d6cd94637fc9c541486869') in 0.0223442 seconds
Number of updated asset objects reloaded before import = 0Number of asset objects unloaded after import = 2

========================================================================
Received Import Request.
  Time since last request: 0.000026 seconds.
  path: Assets/Simple city plain/Material & Texture/Colors_buildings/H1.mat
  artifactKey: Guid(764481942b4df2a40857026c71dfae1f) Importer(815301076,1909f56bfc062723c751e8b465ee728b)
Start importing Assets/Simple city plain/Material & Texture/Colors_buildings/H1.mat using Guid(764481942b4df2a40857026c71dfae1f) Importer(815301076,1909f56bfc062723c751e8b465ee728b) (PreviewImporter) -> (artifact id: 'e055f0e8549fb104b1f72c21095f4bf6') in 0.0190649 seconds
Number of updated asset objects reloaded before import = 0Number of asset objects unloaded after import = 1

========================================================================
Received Import Request.
  Time since last request: 0.000056 seconds.
  path: Assets/TextMesh Pro/Examples & Extras/Materials/Ground - Logo Scene.mat
  artifactKey: Guid(c719e38f25a9480abd2480ab621a2949) Importer(815301076,1909f56bfc062723c751e8b465ee728b)
Start importing Assets/TextMesh Pro/Examples & Extras/Materials/Ground - Logo Scene.mat using Guid(c719e38f25a9480abd2480ab621a2949) Importer(815301076,1909f56bfc062723c751e8b465ee728b) (PreviewImporter) -> (artifact id: '5376f4c54cd21ebd66e56cae713a2d87') in 0.0154821 seconds
Number of updated asset objects reloaded before import = 0Number of asset objects unloaded after import = 2

========================================================================
Received Import Request.
  Time since last request: 0.000022 seconds.
  path: Assets/Simple city plain/Material & Texture/Colors_buildings/J3.mat
  artifactKey: Guid(5fd1fed63457bc14abea612957703653) Importer(815301076,1909f56bfc062723c751e8b465ee728b)
Start importing Assets/Simple city plain/Material & Texture/Colors_buildings/J3.mat using Guid(5fd1fed63457bc14abea612957703653) Importer(815301076,1909f56bfc062723c751e8b465ee728b) (PreviewImporter) -> (artifact id: 'd37ef1b856fb16bdb811dc32821daba4') in 0.0173878 seconds
Number of updated asset objects reloaded before import = 0Number of asset objects unloaded after import = 1

========================================================================
Received Import Request.
  Time since last request: 0.000021 seconds.
  path: Assets/Simple city plain/Material & Texture/Material mesh/bench.mat
  artifactKey: Guid(0cfe2f16ddac5b04b8acda9e8f8cb3ee) Importer(815301076,1909f56bfc062723c751e8b465ee728b)
Start importing Assets/Simple city plain/Material & Texture/Material mesh/bench.mat using Guid(0cfe2f16ddac5b04b8acda9e8f8cb3ee) Importer(815301076,1909f56bfc062723c751e8b465ee728b) (PreviewImporter) -> (artifact id: '79488ea2a977e6a01412393934d5276e') in 0.0225406 seconds
Number of updated asset objects reloaded before import = 0Number of asset objects unloaded after import = 2

========================================================================
Received Import Request.
  Time since last request: 0.000020 seconds.
  path: Assets/Simple city plain/Material & Texture/Colors_buildings/H3.mat
  artifactKey: Guid(9db90062b4af0004b94c5754b65e4379) Importer(815301076,1909f56bfc062723c751e8b465ee728b)
Start importing Assets/Simple city plain/Material & Texture/Colors_buildings/H3.mat using Guid(9db90062b4af0004b94c5754b65e4379) Importer(815301076,1909f56bfc062723c751e8b465ee728b) (PreviewImporter) -> (artifact id: '562a97384964749c07f15b057e9a900c') in 0.0166119 seconds
Number of updated asset objects reloaded before import = 0Number of asset objects unloaded after import = 1

========================================================================
Received Import Request.
  Time since last request: 0.000087 seconds.
  path: Assets/Simple city plain/Material & Texture/Colors_buildings/I1.mat
  artifactKey: Guid(09bb7389d12b7fe4cb01b4d2afb6b0a7) Importer(815301076,1909f56bfc062723c751e8b465ee728b)
Start importing Assets/Simple city plain/Material & Texture/Colors_buildings/I1.mat using Guid(09bb7389d12b7fe4cb01b4d2afb6b0a7) Importer(815301076,1909f56bfc062723c751e8b465ee728b) (PreviewImporter) -> (artifact id: '8ddbc232934853fe1edb3e680ee5a5f0') in 0.0151384 seconds
Number of updated asset objects reloaded before import = 0Number of asset objects unloaded after import = 1

========================================================================
Received Import Request.
  Time since last request: 0.000075 seconds.
  path: Assets/Simple city plain/Material & Texture/Colors_buildings/K3.mat
  artifactKey: Guid(623f2cfcc0ce09149a6f467ad4256295) Importer(815301076,1909f56bfc062723c751e8b465ee728b)
Start importing Assets/Simple city plain/Material & Texture/Colors_buildings/K3.mat using Guid(623f2cfcc0ce09149a6f467ad4256295) Importer(815301076,1909f56bfc062723c751e8b465ee728b) (PreviewImporter) -> (artifact id: '74739951e3191ff093fdc0588cdd74f3') in 0.0143819 seconds
Number of updated asset objects reloaded before import = 0Number of asset objects unloaded after import = 1

========================================================================
Received Import Request.
  Time since last request: 0.000055 seconds.
  path: Assets/Simple city plain/Material & Texture/Colors_buildings/G2.mat
  artifactKey: Guid(8a92d92c33dbd87489558551e9ce75ce) Importer(815301076,1909f56bfc062723c751e8b465ee728b)
Start importing Assets/Simple city plain/Material & Texture/Colors_buildings/G2.mat using Guid(8a92d92c33dbd87489558551e9ce75ce) Importer(815301076,1909f56bfc062723c751e8b465ee728b) (PreviewImporter) -> (artifact id: 'e58262732f76de4ab891f0a2d5deb084') in 0.017402 seconds
Number of updated asset objects reloaded before import = 0Number of asset objects unloaded after import = 1

========================================================================
Received Import Request.
  Time since last request: 0.000069 seconds.
  path: Assets/Simple city plain/Material & Texture/Colors_buildings/F3.mat
  artifactKey: Guid(2d6209e982156604ea6d7c513bc7b774) Importer(815301076,1909f56bfc062723c751e8b465ee728b)
Start importing Assets/Simple city plain/Material & Texture/Colors_buildings/F3.mat using Guid(2d6209e982156604ea6d7c513bc7b774) Importer(815301076,1909f56bfc062723c751e8b465ee728b) (PreviewImporter) -> (artifact id: 'b66beca12607ad4cf4c9f6692dfa0be7') in 0.0179238 seconds
Number of updated asset objects reloaded before import = 0Number of asset objects unloaded after import = 1

========================================================================
Received Import Request.
  Time since last request: 21.742647 seconds.
  path: Assets/Simple city plain/Material & Texture/Colors_buildings/K7.mat
  artifactKey: Guid(2100b85841ac32940a50ec36409b49c0) Importer(815301076,1909f56bfc062723c751e8b465ee728b)
Start importing Assets/Simple city plain/Material & Texture/Colors_buildings/K7.mat using Guid(2100b85841ac32940a50ec36409b49c0) Importer(815301076,1909f56bfc062723c751e8b465ee728b) (PreviewImporter) -> (artifact id: '9bedaa9f650a5f71947f0a80fa1d30fd') in 0.0127255 seconds
Number of updated asset objects reloaded before import = 0Number of asset objects unloaded after import = 1

========================================================================
Received Import Request.
  Time since last request: 0.000024 seconds.
  path: Assets/Simple city plain/Material & Texture/Colors_buildings/K9.mat
  artifactKey: Guid(8d368d2c617522b4f8385162f26cacfa) Importer(815301076,1909f56bfc062723c751e8b465ee728b)
Start importing Assets/Simple city plain/Material & Texture/Colors_buildings/K9.mat using Guid(8d368d2c617522b4f8385162f26cacfa) Importer(815301076,1909f56bfc062723c751e8b465ee728b) (PreviewImporter) -> (artifact id: 'f4b73ef5b85f7ab026905b1a56b9daad') in 0.0127667 seconds
Number of updated asset objects reloaded before import = 0Number of asset objects unloaded after import = 1

========================================================================
Received Import Request.
  Time since last request: 0.000098 seconds.
  path: Assets/Simple city plain/Material & Texture/Colors_buildings/K13.mat
  artifactKey: Guid(385015333524c4947bf237c08e46d007) Importer(815301076,1909f56bfc062723c751e8b465ee728b)
Start importing Assets/Simple city plain/Material & Texture/Colors_buildings/K13.mat using Guid(385015333524c4947bf237c08e46d007) Importer(815301076,1909f56bfc062723c751e8b465ee728b) (PreviewImporter) -> (artifact id: '02a6d0a6ff7542b4c6fa62601d37ac3d') in 0.0130462 seconds
Number of updated asset objects reloaded before import = 0Number of asset objects unloaded after import = 1

========================================================================
Received Import Request.
  Time since last request: 0.002450 seconds.
  path: Assets/TextMesh Pro/Resources/Fonts & Materials/LiberationSans SDF - Outline.mat
  artifactKey: Guid(79459efec17a4d00a321bdcc27bbc385) Importer(815301076,1909f56bfc062723c751e8b465ee728b)
Start importing Assets/TextMesh Pro/Resources/Fonts & Materials/LiberationSans SDF - Outline.mat using Guid(79459efec17a4d00a321bdcc27bbc385) Importer(815301076,1909f56bfc062723c751e8b465ee728b) (PreviewImporter) -> (artifact id: '782dffdadcdff86bb3486107183e4f22') in 0.0277873 seconds
Number of updated asset objects reloaded before import = 0Number of asset objects unloaded after import = 2

========================================================================
Received Import Request.
  Time since last request: 0.000018 seconds.
  path: Assets/TextMesh Pro/Resources/Fonts & Materials/LiberationSans SDF - Fallback.asset
  artifactKey: Guid(2e498d1c8094910479dc3e1b768306a4) Importer(815301076,1909f56bfc062723c751e8b465ee728b)
Start importing Assets/TextMesh Pro/Resources/Fonts & Materials/LiberationSans SDF - Fallback.asset using Guid(2e498d1c8094910479dc3e1b768306a4) Importer(815301076,1909f56bfc062723c751e8b465ee728b) (PreviewImporter) -> (artifact id: '507186e436703be2ee30174468941140') in 0.0161569 seconds
Number of updated asset objects reloaded before import = 0Number of asset objects unloaded after import = 6

========================================================================
Received Import Request.
  Time since last request: 0.000032 seconds.
  path: Assets/TextMesh Pro/Resources/Fonts & Materials/LiberationSans SDF.asset
  artifactKey: Guid(8f586378b4e144a9851e7b34d9b748ee) Importer(815301076,1909f56bfc062723c751e8b465ee728b)
Start importing Assets/TextMesh Pro/Resources/Fonts & Materials/LiberationSans SDF.asset using Guid(8f586378b4e144a9851e7b34d9b748ee) Importer(815301076,1909f56bfc062723c751e8b465ee728b) (PreviewImporter) -> (artifact id: 'f3c782f2ae381c8ae2c22511680f6a4c') in 0.0329495 seconds
Number of updated asset objects reloaded before import = 0Number of asset objects unloaded after import = 9

========================================================================
Received Import Request.
  Time since last request: 0.779593 seconds.
  path: Assets/TextMesh Pro/Examples & Extras/Resources/Fonts & Materials/Roboto-Bold SDF.asset
  artifactKey: Guid(5302535af1044152a457ed104f1f4b91) Importer(815301076,1909f56bfc062723c751e8b465ee728b)
Start importing Assets/TextMesh Pro/Examples & Extras/Resources/Fonts & Materials/Roboto-Bold SDF.asset using Guid(5302535af1044152a457ed104f1f4b91) Importer(815301076,1909f56bfc062723c751e8b465ee728b) (PreviewImporter) -> (artifact id: '9c311f932fa7a72d57142e643da15e5d') in 0.0172077 seconds
Number of updated asset objects reloaded before import = 0Number of asset objects unloaded after import = 6

========================================================================
Received Import Request.
  Time since last request: 0.059685 seconds.
  path: Assets/Simple city plain/Material & Texture/Material mesh/SideWay.mat
  artifactKey: Guid(826ead3abf95f194996cb8156de6f671) Importer(815301076,1909f56bfc062723c751e8b465ee728b)
Start importing Assets/Simple city plain/Material & Texture/Material mesh/SideWay.mat using Guid(826ead3abf95f194996cb8156de6f671) Importer(815301076,1909f56bfc062723c751e8b465ee728b) (PreviewImporter) -> (artifact id: 'cd3187d3e44e903955cf33171f1e8198') in 0.0132263 seconds
Number of updated asset objects reloaded before import = 0Number of asset objects unloaded after import = 2

========================================================================
Received Import Request.
  Time since last request: 0.121052 seconds.
  path: Assets/TextMesh Pro/Examples & Extras/Resources/Fonts & Materials/Unity SDF - HDRP LIT - Bloom.mat
  artifactKey: Guid(8d176c01131de8f46ad61094e29d79b2) Importer(815301076,1909f56bfc062723c751e8b465ee728b)
Start importing Assets/TextMesh Pro/Examples & Extras/Resources/Fonts & Materials/Unity SDF - HDRP LIT - Bloom.mat using Guid(8d176c01131de8f46ad61094e29d79b2) Importer(815301076,1909f56bfc062723c751e8b465ee728b) (PreviewImporter) -> (artifact id: '333858514954e53afd71a96c27ea7a93') in 0.0172146 seconds
Number of updated asset objects reloaded before import = 0Number of asset objects unloaded after import = 2

========================================================================
Received Import Request.
  Time since last request: 0.000021 seconds.
  path: Assets/TextMesh Pro/Examples & Extras/Resources/Fonts & Materials/Unity SDF - HDRP LIT - Outline.mat
  artifactKey: Guid(967f61bb1e3e28645a39e0cb647cc79e) Importer(815301076,1909f56bfc062723c751e8b465ee728b)
Start importing Assets/TextMesh Pro/Examples & Extras/Resources/Fonts & Materials/Unity SDF - HDRP LIT - Outline.mat using Guid(967f61bb1e3e28645a39e0cb647cc79e) Importer(815301076,1909f56bfc062723c751e8b465ee728b) (PreviewImporter) -> (artifact id: 'ecf7b2bb7dae56e4a66fe163c86c9144') in 0.0177993 seconds
Number of updated asset objects reloaded before import = 0Number of asset objects unloaded after import = 2

========================================================================
Received Import Request.
  Time since last request: 52.667796 seconds.
  path: Assets/Simple city plain/Material & Texture/color_windows/Windows no light.mat
  artifactKey: Guid(26df91506bf83b343b8083c5322323ae) Importer(815301076,1909f56bfc062723c751e8b465ee728b)
Start importing Assets/Simple city plain/Material & Texture/color_windows/Windows no light.mat using Guid(26df91506bf83b343b8083c5322323ae) Importer(815301076,1909f56bfc062723c751e8b465ee728b) (PreviewImporter) -> (artifact id: '8d2b7d9490cd1f7d70bcc0df78c14264') in 0.0146922 seconds
Number of updated asset objects reloaded before import = 0Number of asset objects unloaded after import = 1

========================================================================
Received Import Request.
  Time since last request: 396.130226 seconds.
  path: Assets/TextMesh Pro/Resources/Fonts & Materials/LiberationSans SDF - Drop Shadow.mat
  artifactKey: Guid(e73a58f6e2794ae7b1b7e50b7fb811b0) Importer(815301076,1909f56bfc062723c751e8b465ee728b)
Start importing Assets/TextMesh Pro/Resources/Fonts & Materials/LiberationSans SDF - Drop Shadow.mat using Guid(e73a58f6e2794ae7b1b7e50b7fb811b0) Importer(815301076,1909f56bfc062723c751e8b465ee728b) (PreviewImporter) -> (artifact id: 'd58657d027f4d86ddf269353eda85e02') in 0.0298304 seconds
Number of updated asset objects reloaded before import = 0Number of asset objects unloaded after import = 2

========================================================================
Received Import Request.
  Time since last request: 0.000020 seconds.
  path: Assets/TextMesh Pro/Resources/Fonts & Materials/LiberationSans SDF.asset
  artifactKey: Guid(8f586378b4e144a9851e7b34d9b748ee) Importer(815301076,1909f56bfc062723c751e8b465ee728b)
Start importing Assets/TextMesh Pro/Resources/Fonts & Materials/LiberationSans SDF.asset using Guid(8f586378b4e144a9851e7b34d9b748ee) Importer(815301076,1909f56bfc062723c751e8b465ee728b) (PreviewImporter) -> (artifact id: '94bb7ad671eb50f7f50343a0ca386a6d') in 0.0361975 seconds
Number of updated asset objects reloaded before import = 0Number of asset objects unloaded after import = 9

========================================================================
Received Import Request.
  Time since last request: 0.000023 seconds.
  path: Assets/TextMesh Pro/Examples & Extras/Resources/Fonts & Materials/LiberationSans SDF - Soft Mask.mat
  artifactKey: Guid(42df1c7856584b6b8db9a509b6b10074) Importer(815301076,1909f56bfc062723c751e8b465ee728b)
Start importing Assets/TextMesh Pro/Examples & Extras/Resources/Fonts & Materials/LiberationSans SDF - Soft Mask.mat using Guid(42df1c7856584b6b8db9a509b6b10074) Importer(815301076,1909f56bfc062723c751e8b465ee728b) (PreviewImporter) -> (artifact id: '82f446a866207745078d3d6697507e41') in 0.0188346 seconds
Number of updated asset objects reloaded before import = 0Number of asset objects unloaded after import = 3

========================================================================
Received Import Request.
  Time since last request: 2.660399 seconds.
  path: Assets/AK STUDIO ART/Radio/Materials/Radio.mat
  artifactKey: Guid(fb9486cf2fbe6fc428e47eaae42cdd5d) Importer(815301076,1909f56bfc062723c751e8b465ee728b)
Start importing Assets/AK STUDIO ART/Radio/Materials/Radio.mat using Guid(fb9486cf2fbe6fc428e47eaae42cdd5d) Importer(815301076,1909f56bfc062723c751e8b465ee728b) (PreviewImporter) -> (artifact id: '02ecb3fdc7eac58a9d05532a5f7591eb') in 0.2773502 seconds
Number of updated asset objects reloaded before import = 0Number of asset objects unloaded after import = 6

